:: loading settings :: url = jar:file:/opt/bitnami/spark/jars/ivy-2.5.0.jar!/org/apache/ivy/core/settings/ivysettings.xml
Ivy Default Cache set to: /opt/bitnami/spark/.ivy2/cache
The jars for the packages stored in: /opt/bitnami/spark/.ivy2/jars
org.apache.spark#spark-sql-kafka-0-10_2.12 added as a dependency
:: resolving dependencies :: org.apache.spark#spark-submit-parent-ceb20248-7435-42c5-bb8b-6568c7324be5;1.0
	confs: [default]
	found org.apache.spark#spark-sql-kafka-0-10_2.12;3.0.0 in central
	found org.apache.spark#spark-token-provider-kafka-0-10_2.12;3.0.0 in central
	found org.apache.kafka#kafka-clients;2.4.1 in central
	found com.github.luben#zstd-jni;1.4.4-3 in central
	found org.lz4#lz4-java;1.7.1 in central
	found org.xerial.snappy#snappy-java;1.1.7.5 in central
	found org.slf4j#slf4j-api;1.7.30 in central
	found org.spark-project.spark#unused;1.0.0 in central
	found org.apache.commons#commons-pool2;2.6.2 in central
:: resolution report :: resolve 653ms :: artifacts dl 66ms
	:: modules in use:
	com.github.luben#zstd-jni;1.4.4-3 from central in [default]
	org.apache.commons#commons-pool2;2.6.2 from central in [default]
	org.apache.kafka#kafka-clients;2.4.1 from central in [default]
	org.apache.spark#spark-sql-kafka-0-10_2.12;3.0.0 from central in [default]
	org.apache.spark#spark-token-provider-kafka-0-10_2.12;3.0.0 from central in [default]
	org.lz4#lz4-java;1.7.1 from central in [default]
	org.slf4j#slf4j-api;1.7.30 from central in [default]
	org.spark-project.spark#unused;1.0.0 from central in [default]
	org.xerial.snappy#snappy-java;1.1.7.5 from central in [default]
	---------------------------------------------------------------------
	|                  |            modules            ||   artifacts   |
	|       conf       | number| search|dwnlded|evicted|| number|dwnlded|
	---------------------------------------------------------------------
	|      default     |   9   |   0   |   0   |   0   ||   9   |   0   |
	---------------------------------------------------------------------
:: retrieving :: org.apache.spark#spark-submit-parent-ceb20248-7435-42c5-bb8b-6568c7324be5
	confs: [default]
	0 artifacts copied, 9 already retrieved (0kB/25ms)
23/07/05 02:24:06 WARN NativeCodeLoader: Unable to load native-hadoop library for your platform... using builtin-java classes where applicable
Using Spark's default log4j profile: org/apache/spark/log4j-defaults.properties
23/07/05 02:24:07 INFO SparkContext: Running Spark version 3.2.1
23/07/05 02:24:07 INFO ResourceUtils: ==============================================================
23/07/05 02:24:07 INFO ResourceUtils: No custom resources configured for spark.driver.
23/07/05 02:24:07 INFO ResourceUtils: ==============================================================
23/07/05 02:24:07 INFO SparkContext: Submitted application: kafka-redis
23/07/05 02:24:07 INFO ResourceProfile: Default ResourceProfile created, executor resources: Map(cores -> name: cores, amount: 1, script: , vendor: , memory -> name: memory, amount: 1024, script: , vendor: , offHeap -> name: offHeap, amount: 0, script: , vendor: ), task resources: Map(cpus -> name: cpus, amount: 1.0)
23/07/05 02:24:07 INFO ResourceProfile: Limiting resource is cpu
23/07/05 02:24:07 INFO ResourceProfileManager: Added ResourceProfile id: 0
23/07/05 02:24:07 INFO SecurityManager: Changing view acls to: spark
23/07/05 02:24:07 INFO SecurityManager: Changing modify acls to: spark
23/07/05 02:24:07 INFO SecurityManager: Changing view acls groups to: 
23/07/05 02:24:07 INFO SecurityManager: Changing modify acls groups to: 
23/07/05 02:24:07 INFO SecurityManager: SecurityManager: authentication disabled; ui acls disabled; users  with view permissions: Set(spark); groups with view permissions: Set(); users  with modify permissions: Set(spark); groups with modify permissions: Set()
23/07/05 02:24:07 INFO Utils: Successfully started service 'sparkDriver' on port 40223.
23/07/05 02:24:07 INFO SparkEnv: Registering MapOutputTracker
23/07/05 02:24:07 INFO SparkEnv: Registering BlockManagerMaster
23/07/05 02:24:07 INFO BlockManagerMasterEndpoint: Using org.apache.spark.storage.DefaultTopologyMapper for getting topology information
23/07/05 02:24:07 INFO BlockManagerMasterEndpoint: BlockManagerMasterEndpoint up
23/07/05 02:24:07 INFO SparkEnv: Registering BlockManagerMasterHeartbeat
23/07/05 02:24:07 INFO DiskBlockManager: Created local directory at /tmp/blockmgr-3c4de80e-5663-42d0-87c5-f49a81917e9a
23/07/05 02:24:07 INFO MemoryStore: MemoryStore started with capacity 366.3 MiB
23/07/05 02:24:07 INFO SparkEnv: Registering OutputCommitCoordinator
23/07/05 02:24:08 INFO Utils: Successfully started service 'SparkUI' on port 4040.
23/07/05 02:24:08 INFO SparkUI: Bound SparkUI to 0.0.0.0, and started at http://e102eca88c67:4040
23/07/05 02:24:08 INFO SparkContext: Added JAR file:///opt/bitnami/spark/.ivy2/jars/org.apache.spark_spark-sql-kafka-0-10_2.12-3.0.0.jar at spark://e102eca88c67:40223/jars/org.apache.spark_spark-sql-kafka-0-10_2.12-3.0.0.jar with timestamp 1688523847413
23/07/05 02:24:08 INFO SparkContext: Added JAR file:///opt/bitnami/spark/.ivy2/jars/org.apache.spark_spark-token-provider-kafka-0-10_2.12-3.0.0.jar at spark://e102eca88c67:40223/jars/org.apache.spark_spark-token-provider-kafka-0-10_2.12-3.0.0.jar with timestamp 1688523847413
23/07/05 02:24:08 INFO SparkContext: Added JAR file:///opt/bitnami/spark/.ivy2/jars/org.apache.kafka_kafka-clients-2.4.1.jar at spark://e102eca88c67:40223/jars/org.apache.kafka_kafka-clients-2.4.1.jar with timestamp 1688523847413
23/07/05 02:24:08 INFO SparkContext: Added JAR file:///opt/bitnami/spark/.ivy2/jars/org.apache.commons_commons-pool2-2.6.2.jar at spark://e102eca88c67:40223/jars/org.apache.commons_commons-pool2-2.6.2.jar with timestamp 1688523847413
23/07/05 02:24:08 INFO SparkContext: Added JAR file:///opt/bitnami/spark/.ivy2/jars/org.spark-project.spark_unused-1.0.0.jar at spark://e102eca88c67:40223/jars/org.spark-project.spark_unused-1.0.0.jar with timestamp 1688523847413
23/07/05 02:24:08 INFO SparkContext: Added JAR file:///opt/bitnami/spark/.ivy2/jars/com.github.luben_zstd-jni-1.4.4-3.jar at spark://e102eca88c67:40223/jars/com.github.luben_zstd-jni-1.4.4-3.jar with timestamp 1688523847413
23/07/05 02:24:08 INFO SparkContext: Added JAR file:///opt/bitnami/spark/.ivy2/jars/org.lz4_lz4-java-1.7.1.jar at spark://e102eca88c67:40223/jars/org.lz4_lz4-java-1.7.1.jar with timestamp 1688523847413
23/07/05 02:24:08 INFO SparkContext: Added JAR file:///opt/bitnami/spark/.ivy2/jars/org.xerial.snappy_snappy-java-1.1.7.5.jar at spark://e102eca88c67:40223/jars/org.xerial.snappy_snappy-java-1.1.7.5.jar with timestamp 1688523847413
23/07/05 02:24:08 INFO SparkContext: Added JAR file:///opt/bitnami/spark/.ivy2/jars/org.slf4j_slf4j-api-1.7.30.jar at spark://e102eca88c67:40223/jars/org.slf4j_slf4j-api-1.7.30.jar with timestamp 1688523847413
23/07/05 02:24:08 INFO SparkContext: Added file file:///opt/bitnami/spark/.ivy2/jars/org.apache.spark_spark-sql-kafka-0-10_2.12-3.0.0.jar at file:///opt/bitnami/spark/.ivy2/jars/org.apache.spark_spark-sql-kafka-0-10_2.12-3.0.0.jar with timestamp 1688523847413
23/07/05 02:24:08 INFO Utils: Copying /opt/bitnami/spark/.ivy2/jars/org.apache.spark_spark-sql-kafka-0-10_2.12-3.0.0.jar to /tmp/spark-bf39886d-b826-46d9-85d5-827df2866be2/userFiles-ff66716e-c7e2-4802-b0c4-915f415b000b/org.apache.spark_spark-sql-kafka-0-10_2.12-3.0.0.jar
23/07/05 02:24:08 INFO SparkContext: Added file file:///opt/bitnami/spark/.ivy2/jars/org.apache.spark_spark-token-provider-kafka-0-10_2.12-3.0.0.jar at file:///opt/bitnami/spark/.ivy2/jars/org.apache.spark_spark-token-provider-kafka-0-10_2.12-3.0.0.jar with timestamp 1688523847413
23/07/05 02:24:08 INFO Utils: Copying /opt/bitnami/spark/.ivy2/jars/org.apache.spark_spark-token-provider-kafka-0-10_2.12-3.0.0.jar to /tmp/spark-bf39886d-b826-46d9-85d5-827df2866be2/userFiles-ff66716e-c7e2-4802-b0c4-915f415b000b/org.apache.spark_spark-token-provider-kafka-0-10_2.12-3.0.0.jar
23/07/05 02:24:08 INFO SparkContext: Added file file:///opt/bitnami/spark/.ivy2/jars/org.apache.kafka_kafka-clients-2.4.1.jar at file:///opt/bitnami/spark/.ivy2/jars/org.apache.kafka_kafka-clients-2.4.1.jar with timestamp 1688523847413
23/07/05 02:24:08 INFO Utils: Copying /opt/bitnami/spark/.ivy2/jars/org.apache.kafka_kafka-clients-2.4.1.jar to /tmp/spark-bf39886d-b826-46d9-85d5-827df2866be2/userFiles-ff66716e-c7e2-4802-b0c4-915f415b000b/org.apache.kafka_kafka-clients-2.4.1.jar
23/07/05 02:24:08 INFO SparkContext: Added file file:///opt/bitnami/spark/.ivy2/jars/org.apache.commons_commons-pool2-2.6.2.jar at file:///opt/bitnami/spark/.ivy2/jars/org.apache.commons_commons-pool2-2.6.2.jar with timestamp 1688523847413
23/07/05 02:24:08 INFO Utils: Copying /opt/bitnami/spark/.ivy2/jars/org.apache.commons_commons-pool2-2.6.2.jar to /tmp/spark-bf39886d-b826-46d9-85d5-827df2866be2/userFiles-ff66716e-c7e2-4802-b0c4-915f415b000b/org.apache.commons_commons-pool2-2.6.2.jar
23/07/05 02:24:08 INFO SparkContext: Added file file:///opt/bitnami/spark/.ivy2/jars/org.spark-project.spark_unused-1.0.0.jar at file:///opt/bitnami/spark/.ivy2/jars/org.spark-project.spark_unused-1.0.0.jar with timestamp 1688523847413
23/07/05 02:24:08 INFO Utils: Copying /opt/bitnami/spark/.ivy2/jars/org.spark-project.spark_unused-1.0.0.jar to /tmp/spark-bf39886d-b826-46d9-85d5-827df2866be2/userFiles-ff66716e-c7e2-4802-b0c4-915f415b000b/org.spark-project.spark_unused-1.0.0.jar
23/07/05 02:24:08 INFO SparkContext: Added file file:///opt/bitnami/spark/.ivy2/jars/com.github.luben_zstd-jni-1.4.4-3.jar at file:///opt/bitnami/spark/.ivy2/jars/com.github.luben_zstd-jni-1.4.4-3.jar with timestamp 1688523847413
23/07/05 02:24:08 INFO Utils: Copying /opt/bitnami/spark/.ivy2/jars/com.github.luben_zstd-jni-1.4.4-3.jar to /tmp/spark-bf39886d-b826-46d9-85d5-827df2866be2/userFiles-ff66716e-c7e2-4802-b0c4-915f415b000b/com.github.luben_zstd-jni-1.4.4-3.jar
23/07/05 02:24:08 INFO SparkContext: Added file file:///opt/bitnami/spark/.ivy2/jars/org.lz4_lz4-java-1.7.1.jar at file:///opt/bitnami/spark/.ivy2/jars/org.lz4_lz4-java-1.7.1.jar with timestamp 1688523847413
23/07/05 02:24:08 INFO Utils: Copying /opt/bitnami/spark/.ivy2/jars/org.lz4_lz4-java-1.7.1.jar to /tmp/spark-bf39886d-b826-46d9-85d5-827df2866be2/userFiles-ff66716e-c7e2-4802-b0c4-915f415b000b/org.lz4_lz4-java-1.7.1.jar
23/07/05 02:24:08 INFO SparkContext: Added file file:///opt/bitnami/spark/.ivy2/jars/org.xerial.snappy_snappy-java-1.1.7.5.jar at file:///opt/bitnami/spark/.ivy2/jars/org.xerial.snappy_snappy-java-1.1.7.5.jar with timestamp 1688523847413
23/07/05 02:24:08 INFO Utils: Copying /opt/bitnami/spark/.ivy2/jars/org.xerial.snappy_snappy-java-1.1.7.5.jar to /tmp/spark-bf39886d-b826-46d9-85d5-827df2866be2/userFiles-ff66716e-c7e2-4802-b0c4-915f415b000b/org.xerial.snappy_snappy-java-1.1.7.5.jar
23/07/05 02:24:08 INFO SparkContext: Added file file:///opt/bitnami/spark/.ivy2/jars/org.slf4j_slf4j-api-1.7.30.jar at file:///opt/bitnami/spark/.ivy2/jars/org.slf4j_slf4j-api-1.7.30.jar with timestamp 1688523847413
23/07/05 02:24:08 INFO Utils: Copying /opt/bitnami/spark/.ivy2/jars/org.slf4j_slf4j-api-1.7.30.jar to /tmp/spark-bf39886d-b826-46d9-85d5-827df2866be2/userFiles-ff66716e-c7e2-4802-b0c4-915f415b000b/org.slf4j_slf4j-api-1.7.30.jar
23/07/05 02:24:08 INFO Executor: Starting executor ID driver on host e102eca88c67
23/07/05 02:24:08 INFO Executor: Fetching file:///opt/bitnami/spark/.ivy2/jars/org.apache.spark_spark-token-provider-kafka-0-10_2.12-3.0.0.jar with timestamp 1688523847413
23/07/05 02:24:08 INFO Utils: /opt/bitnami/spark/.ivy2/jars/org.apache.spark_spark-token-provider-kafka-0-10_2.12-3.0.0.jar has been previously copied to /tmp/spark-bf39886d-b826-46d9-85d5-827df2866be2/userFiles-ff66716e-c7e2-4802-b0c4-915f415b000b/org.apache.spark_spark-token-provider-kafka-0-10_2.12-3.0.0.jar
23/07/05 02:24:08 INFO Executor: Fetching file:///opt/bitnami/spark/.ivy2/jars/com.github.luben_zstd-jni-1.4.4-3.jar with timestamp 1688523847413
23/07/05 02:24:08 INFO Utils: /opt/bitnami/spark/.ivy2/jars/com.github.luben_zstd-jni-1.4.4-3.jar has been previously copied to /tmp/spark-bf39886d-b826-46d9-85d5-827df2866be2/userFiles-ff66716e-c7e2-4802-b0c4-915f415b000b/com.github.luben_zstd-jni-1.4.4-3.jar
23/07/05 02:24:08 INFO Executor: Fetching file:///opt/bitnami/spark/.ivy2/jars/org.xerial.snappy_snappy-java-1.1.7.5.jar with timestamp 1688523847413
23/07/05 02:24:08 INFO Utils: /opt/bitnami/spark/.ivy2/jars/org.xerial.snappy_snappy-java-1.1.7.5.jar has been previously copied to /tmp/spark-bf39886d-b826-46d9-85d5-827df2866be2/userFiles-ff66716e-c7e2-4802-b0c4-915f415b000b/org.xerial.snappy_snappy-java-1.1.7.5.jar
23/07/05 02:24:08 INFO Executor: Fetching file:///opt/bitnami/spark/.ivy2/jars/org.apache.kafka_kafka-clients-2.4.1.jar with timestamp 1688523847413
23/07/05 02:24:08 INFO Utils: /opt/bitnami/spark/.ivy2/jars/org.apache.kafka_kafka-clients-2.4.1.jar has been previously copied to /tmp/spark-bf39886d-b826-46d9-85d5-827df2866be2/userFiles-ff66716e-c7e2-4802-b0c4-915f415b000b/org.apache.kafka_kafka-clients-2.4.1.jar
23/07/05 02:24:08 INFO Executor: Fetching file:///opt/bitnami/spark/.ivy2/jars/org.apache.spark_spark-sql-kafka-0-10_2.12-3.0.0.jar with timestamp 1688523847413
23/07/05 02:24:08 INFO Utils: /opt/bitnami/spark/.ivy2/jars/org.apache.spark_spark-sql-kafka-0-10_2.12-3.0.0.jar has been previously copied to /tmp/spark-bf39886d-b826-46d9-85d5-827df2866be2/userFiles-ff66716e-c7e2-4802-b0c4-915f415b000b/org.apache.spark_spark-sql-kafka-0-10_2.12-3.0.0.jar
23/07/05 02:24:08 INFO Executor: Fetching file:///opt/bitnami/spark/.ivy2/jars/org.apache.commons_commons-pool2-2.6.2.jar with timestamp 1688523847413
23/07/05 02:24:08 INFO Utils: /opt/bitnami/spark/.ivy2/jars/org.apache.commons_commons-pool2-2.6.2.jar has been previously copied to /tmp/spark-bf39886d-b826-46d9-85d5-827df2866be2/userFiles-ff66716e-c7e2-4802-b0c4-915f415b000b/org.apache.commons_commons-pool2-2.6.2.jar
23/07/05 02:24:08 INFO Executor: Fetching file:///opt/bitnami/spark/.ivy2/jars/org.spark-project.spark_unused-1.0.0.jar with timestamp 1688523847413
23/07/05 02:24:08 INFO Utils: /opt/bitnami/spark/.ivy2/jars/org.spark-project.spark_unused-1.0.0.jar has been previously copied to /tmp/spark-bf39886d-b826-46d9-85d5-827df2866be2/userFiles-ff66716e-c7e2-4802-b0c4-915f415b000b/org.spark-project.spark_unused-1.0.0.jar
23/07/05 02:24:08 INFO Executor: Fetching file:///opt/bitnami/spark/.ivy2/jars/org.lz4_lz4-java-1.7.1.jar with timestamp 1688523847413
23/07/05 02:24:08 INFO Utils: /opt/bitnami/spark/.ivy2/jars/org.lz4_lz4-java-1.7.1.jar has been previously copied to /tmp/spark-bf39886d-b826-46d9-85d5-827df2866be2/userFiles-ff66716e-c7e2-4802-b0c4-915f415b000b/org.lz4_lz4-java-1.7.1.jar
23/07/05 02:24:08 INFO Executor: Fetching file:///opt/bitnami/spark/.ivy2/jars/org.slf4j_slf4j-api-1.7.30.jar with timestamp 1688523847413
23/07/05 02:24:08 INFO Utils: /opt/bitnami/spark/.ivy2/jars/org.slf4j_slf4j-api-1.7.30.jar has been previously copied to /tmp/spark-bf39886d-b826-46d9-85d5-827df2866be2/userFiles-ff66716e-c7e2-4802-b0c4-915f415b000b/org.slf4j_slf4j-api-1.7.30.jar
23/07/05 02:24:08 INFO Executor: Fetching spark://e102eca88c67:40223/jars/org.spark-project.spark_unused-1.0.0.jar with timestamp 1688523847413
23/07/05 02:24:08 INFO TransportClientFactory: Successfully created connection to e102eca88c67/172.21.0.4:40223 after 36 ms (0 ms spent in bootstraps)
23/07/05 02:24:08 INFO Utils: Fetching spark://e102eca88c67:40223/jars/org.spark-project.spark_unused-1.0.0.jar to /tmp/spark-bf39886d-b826-46d9-85d5-827df2866be2/userFiles-ff66716e-c7e2-4802-b0c4-915f415b000b/fetchFileTemp496165535300364792.tmp
23/07/05 02:24:08 INFO Utils: /tmp/spark-bf39886d-b826-46d9-85d5-827df2866be2/userFiles-ff66716e-c7e2-4802-b0c4-915f415b000b/fetchFileTemp496165535300364792.tmp has been previously copied to /tmp/spark-bf39886d-b826-46d9-85d5-827df2866be2/userFiles-ff66716e-c7e2-4802-b0c4-915f415b000b/org.spark-project.spark_unused-1.0.0.jar
23/07/05 02:24:08 INFO Executor: Adding file:/tmp/spark-bf39886d-b826-46d9-85d5-827df2866be2/userFiles-ff66716e-c7e2-4802-b0c4-915f415b000b/org.spark-project.spark_unused-1.0.0.jar to class loader
23/07/05 02:24:08 INFO Executor: Fetching spark://e102eca88c67:40223/jars/org.lz4_lz4-java-1.7.1.jar with timestamp 1688523847413
23/07/05 02:24:08 INFO Utils: Fetching spark://e102eca88c67:40223/jars/org.lz4_lz4-java-1.7.1.jar to /tmp/spark-bf39886d-b826-46d9-85d5-827df2866be2/userFiles-ff66716e-c7e2-4802-b0c4-915f415b000b/fetchFileTemp8044252094146128809.tmp
23/07/05 02:24:08 INFO Utils: /tmp/spark-bf39886d-b826-46d9-85d5-827df2866be2/userFiles-ff66716e-c7e2-4802-b0c4-915f415b000b/fetchFileTemp8044252094146128809.tmp has been previously copied to /tmp/spark-bf39886d-b826-46d9-85d5-827df2866be2/userFiles-ff66716e-c7e2-4802-b0c4-915f415b000b/org.lz4_lz4-java-1.7.1.jar
23/07/05 02:24:08 INFO Executor: Adding file:/tmp/spark-bf39886d-b826-46d9-85d5-827df2866be2/userFiles-ff66716e-c7e2-4802-b0c4-915f415b000b/org.lz4_lz4-java-1.7.1.jar to class loader
23/07/05 02:24:08 INFO Executor: Fetching spark://e102eca88c67:40223/jars/org.slf4j_slf4j-api-1.7.30.jar with timestamp 1688523847413
23/07/05 02:24:08 INFO Utils: Fetching spark://e102eca88c67:40223/jars/org.slf4j_slf4j-api-1.7.30.jar to /tmp/spark-bf39886d-b826-46d9-85d5-827df2866be2/userFiles-ff66716e-c7e2-4802-b0c4-915f415b000b/fetchFileTemp7803302534177136951.tmp
23/07/05 02:24:08 INFO Utils: /tmp/spark-bf39886d-b826-46d9-85d5-827df2866be2/userFiles-ff66716e-c7e2-4802-b0c4-915f415b000b/fetchFileTemp7803302534177136951.tmp has been previously copied to /tmp/spark-bf39886d-b826-46d9-85d5-827df2866be2/userFiles-ff66716e-c7e2-4802-b0c4-915f415b000b/org.slf4j_slf4j-api-1.7.30.jar
23/07/05 02:24:08 INFO Executor: Adding file:/tmp/spark-bf39886d-b826-46d9-85d5-827df2866be2/userFiles-ff66716e-c7e2-4802-b0c4-915f415b000b/org.slf4j_slf4j-api-1.7.30.jar to class loader
23/07/05 02:24:08 INFO Executor: Fetching spark://e102eca88c67:40223/jars/org.apache.spark_spark-token-provider-kafka-0-10_2.12-3.0.0.jar with timestamp 1688523847413
23/07/05 02:24:08 INFO Utils: Fetching spark://e102eca88c67:40223/jars/org.apache.spark_spark-token-provider-kafka-0-10_2.12-3.0.0.jar to /tmp/spark-bf39886d-b826-46d9-85d5-827df2866be2/userFiles-ff66716e-c7e2-4802-b0c4-915f415b000b/fetchFileTemp6346044153561839259.tmp
23/07/05 02:24:08 INFO Utils: /tmp/spark-bf39886d-b826-46d9-85d5-827df2866be2/userFiles-ff66716e-c7e2-4802-b0c4-915f415b000b/fetchFileTemp6346044153561839259.tmp has been previously copied to /tmp/spark-bf39886d-b826-46d9-85d5-827df2866be2/userFiles-ff66716e-c7e2-4802-b0c4-915f415b000b/org.apache.spark_spark-token-provider-kafka-0-10_2.12-3.0.0.jar
23/07/05 02:24:08 INFO Executor: Adding file:/tmp/spark-bf39886d-b826-46d9-85d5-827df2866be2/userFiles-ff66716e-c7e2-4802-b0c4-915f415b000b/org.apache.spark_spark-token-provider-kafka-0-10_2.12-3.0.0.jar to class loader
23/07/05 02:24:08 INFO Executor: Fetching spark://e102eca88c67:40223/jars/org.xerial.snappy_snappy-java-1.1.7.5.jar with timestamp 1688523847413
23/07/05 02:24:08 INFO Utils: Fetching spark://e102eca88c67:40223/jars/org.xerial.snappy_snappy-java-1.1.7.5.jar to /tmp/spark-bf39886d-b826-46d9-85d5-827df2866be2/userFiles-ff66716e-c7e2-4802-b0c4-915f415b000b/fetchFileTemp159673507813296664.tmp
23/07/05 02:24:08 INFO Utils: /tmp/spark-bf39886d-b826-46d9-85d5-827df2866be2/userFiles-ff66716e-c7e2-4802-b0c4-915f415b000b/fetchFileTemp159673507813296664.tmp has been previously copied to /tmp/spark-bf39886d-b826-46d9-85d5-827df2866be2/userFiles-ff66716e-c7e2-4802-b0c4-915f415b000b/org.xerial.snappy_snappy-java-1.1.7.5.jar
23/07/05 02:24:08 INFO Executor: Adding file:/tmp/spark-bf39886d-b826-46d9-85d5-827df2866be2/userFiles-ff66716e-c7e2-4802-b0c4-915f415b000b/org.xerial.snappy_snappy-java-1.1.7.5.jar to class loader
23/07/05 02:24:08 INFO Executor: Fetching spark://e102eca88c67:40223/jars/org.apache.spark_spark-sql-kafka-0-10_2.12-3.0.0.jar with timestamp 1688523847413
23/07/05 02:24:08 INFO Utils: Fetching spark://e102eca88c67:40223/jars/org.apache.spark_spark-sql-kafka-0-10_2.12-3.0.0.jar to /tmp/spark-bf39886d-b826-46d9-85d5-827df2866be2/userFiles-ff66716e-c7e2-4802-b0c4-915f415b000b/fetchFileTemp143216882360031412.tmp
23/07/05 02:24:08 INFO Utils: /tmp/spark-bf39886d-b826-46d9-85d5-827df2866be2/userFiles-ff66716e-c7e2-4802-b0c4-915f415b000b/fetchFileTemp143216882360031412.tmp has been previously copied to /tmp/spark-bf39886d-b826-46d9-85d5-827df2866be2/userFiles-ff66716e-c7e2-4802-b0c4-915f415b000b/org.apache.spark_spark-sql-kafka-0-10_2.12-3.0.0.jar
23/07/05 02:24:08 INFO Executor: Adding file:/tmp/spark-bf39886d-b826-46d9-85d5-827df2866be2/userFiles-ff66716e-c7e2-4802-b0c4-915f415b000b/org.apache.spark_spark-sql-kafka-0-10_2.12-3.0.0.jar to class loader
23/07/05 02:24:08 INFO Executor: Fetching spark://e102eca88c67:40223/jars/org.apache.commons_commons-pool2-2.6.2.jar with timestamp 1688523847413
23/07/05 02:24:08 INFO Utils: Fetching spark://e102eca88c67:40223/jars/org.apache.commons_commons-pool2-2.6.2.jar to /tmp/spark-bf39886d-b826-46d9-85d5-827df2866be2/userFiles-ff66716e-c7e2-4802-b0c4-915f415b000b/fetchFileTemp26221093449226234.tmp
23/07/05 02:24:08 INFO Utils: /tmp/spark-bf39886d-b826-46d9-85d5-827df2866be2/userFiles-ff66716e-c7e2-4802-b0c4-915f415b000b/fetchFileTemp26221093449226234.tmp has been previously copied to /tmp/spark-bf39886d-b826-46d9-85d5-827df2866be2/userFiles-ff66716e-c7e2-4802-b0c4-915f415b000b/org.apache.commons_commons-pool2-2.6.2.jar
23/07/05 02:24:08 INFO Executor: Adding file:/tmp/spark-bf39886d-b826-46d9-85d5-827df2866be2/userFiles-ff66716e-c7e2-4802-b0c4-915f415b000b/org.apache.commons_commons-pool2-2.6.2.jar to class loader
23/07/05 02:24:08 INFO Executor: Fetching spark://e102eca88c67:40223/jars/org.apache.kafka_kafka-clients-2.4.1.jar with timestamp 1688523847413
23/07/05 02:24:08 INFO Utils: Fetching spark://e102eca88c67:40223/jars/org.apache.kafka_kafka-clients-2.4.1.jar to /tmp/spark-bf39886d-b826-46d9-85d5-827df2866be2/userFiles-ff66716e-c7e2-4802-b0c4-915f415b000b/fetchFileTemp8893931406230448754.tmp
23/07/05 02:24:08 INFO Utils: /tmp/spark-bf39886d-b826-46d9-85d5-827df2866be2/userFiles-ff66716e-c7e2-4802-b0c4-915f415b000b/fetchFileTemp8893931406230448754.tmp has been previously copied to /tmp/spark-bf39886d-b826-46d9-85d5-827df2866be2/userFiles-ff66716e-c7e2-4802-b0c4-915f415b000b/org.apache.kafka_kafka-clients-2.4.1.jar
23/07/05 02:24:08 INFO Executor: Adding file:/tmp/spark-bf39886d-b826-46d9-85d5-827df2866be2/userFiles-ff66716e-c7e2-4802-b0c4-915f415b000b/org.apache.kafka_kafka-clients-2.4.1.jar to class loader
23/07/05 02:24:08 INFO Executor: Fetching spark://e102eca88c67:40223/jars/com.github.luben_zstd-jni-1.4.4-3.jar with timestamp 1688523847413
23/07/05 02:24:08 INFO Utils: Fetching spark://e102eca88c67:40223/jars/com.github.luben_zstd-jni-1.4.4-3.jar to /tmp/spark-bf39886d-b826-46d9-85d5-827df2866be2/userFiles-ff66716e-c7e2-4802-b0c4-915f415b000b/fetchFileTemp333917813949575517.tmp
23/07/05 02:24:08 INFO Utils: /tmp/spark-bf39886d-b826-46d9-85d5-827df2866be2/userFiles-ff66716e-c7e2-4802-b0c4-915f415b000b/fetchFileTemp333917813949575517.tmp has been previously copied to /tmp/spark-bf39886d-b826-46d9-85d5-827df2866be2/userFiles-ff66716e-c7e2-4802-b0c4-915f415b000b/com.github.luben_zstd-jni-1.4.4-3.jar
23/07/05 02:24:08 INFO Executor: Adding file:/tmp/spark-bf39886d-b826-46d9-85d5-827df2866be2/userFiles-ff66716e-c7e2-4802-b0c4-915f415b000b/com.github.luben_zstd-jni-1.4.4-3.jar to class loader
23/07/05 02:24:08 INFO Utils: Successfully started service 'org.apache.spark.network.netty.NettyBlockTransferService' on port 46381.
23/07/05 02:24:08 INFO NettyBlockTransferService: Server created on e102eca88c67:46381
23/07/05 02:24:08 INFO BlockManager: Using org.apache.spark.storage.RandomBlockReplicationPolicy for block replication policy
23/07/05 02:24:08 INFO BlockManagerMaster: Registering BlockManager BlockManagerId(driver, e102eca88c67, 46381, None)
23/07/05 02:24:08 INFO BlockManagerMasterEndpoint: Registering block manager e102eca88c67:46381 with 366.3 MiB RAM, BlockManagerId(driver, e102eca88c67, 46381, None)
23/07/05 02:24:08 INFO BlockManagerMaster: Registered BlockManager BlockManagerId(driver, e102eca88c67, 46381, None)
23/07/05 02:24:08 INFO BlockManager: Initialized BlockManager: BlockManagerId(driver, e102eca88c67, 46381, None)
23/07/05 02:24:09 INFO SharedState: Setting hive.metastore.warehouse.dir ('null') to the value of spark.sql.warehouse.dir.
23/07/05 02:24:09 INFO SharedState: Warehouse path is 'file:/opt/bitnami/spark/spark-warehouse'.
23/07/05 02:24:12 WARN ResolveWriteToStream: Temporary checkpoint location created which is deleted normally when the query didn't fail: /tmp/temporary-4c1940ed-40e6-41d0-9216-8f5d783e24ae. If it's required to delete it under any circumstances, please set spark.sql.streaming.forceDeleteTempCheckpointLocation to true. Important to know deleting temp checkpoint folder is best effort.
23/07/05 02:24:12 WARN ResolveWriteToStream: spark.sql.adaptive.enabled is not supported in streaming DataFrames/Datasets and will be disabled.
-------------------------------------------
Batch: 0
-------------------------------------------
+--------------------+-----+--------------------+---------+
|            customer|score|               email|birthYear|
+--------------------+-----+--------------------+---------+
|Christina.Huey@te...| -5.0|Christina.Huey@te...|     1963|
|Christina.Huey@te...|-31.5|Christina.Huey@te...|     1963|
|Christina.Huey@te...|-43.0|Christina.Huey@te...|     1963|
|Christina.Huey@te...|  0.5|Christina.Huey@te...|     1963|
|Christina.Huey@te...| 47.0|Christina.Huey@te...|     1963|
|Christina.Huey@te...|  9.5|Christina.Huey@te...|     1963|
|Christina.Huey@te...|-41.5|Christina.Huey@te...|     1963|
|Christina.Huey@te...|-19.0|Christina.Huey@te...|     1963|
|Christina.Huey@te...| 10.0|Christina.Huey@te...|     1963|
|Christina.Huey@te...| 21.5|Christina.Huey@te...|     1963|
|Christina.Huey@te...| 21.5|Christina.Huey@te...|     1963|
|Christina.Huey@te...|-20.0|Christina.Huey@te...|     1963|
|Christina.Huey@te...|-18.5|Christina.Huey@te...|     1963|
|Christina.Huey@te...| 25.0|Christina.Huey@te...|     1963|
|Christina.Huey@te...|  4.0|Christina.Huey@te...|     1963|
|Christina.Huey@te...|-16.5|Christina.Huey@te...|     1963|
|Christina.Huey@te...| -7.5|Christina.Huey@te...|     1963|
|Christina.Huey@te...|-24.5|Christina.Huey@te...|     1963|
|Christina.Huey@te...|-10.0|Christina.Huey@te...|     1963|
|Christina.Huey@te...| 20.0|Christina.Huey@te...|     1963|
+--------------------+-----+--------------------+---------+
only showing top 20 rows

-------------------------------------------
Batch: 1
-------------------------------------------
+--------+-----+-----+---------+
|customer|score|email|birthYear|
+--------+-----+-----+---------+
+--------+-----+-----+---------+

-------------------------------------------
Batch: 2
-------------------------------------------
+--------+-----+-----+---------+
|customer|score|email|birthYear|
+--------+-----+-----+---------+
+--------+-----+-----+---------+

-------------------------------------------
Batch: 3
-------------------------------------------
+--------+-----+-----+---------+
|customer|score|email|birthYear|
+--------+-----+-----+---------+
+--------+-----+-----+---------+

-------------------------------------------
Batch: 4
-------------------------------------------
+--------+-----+-----+---------+
|customer|score|email|birthYear|
+--------+-----+-----+---------+
+--------+-----+-----+---------+

-------------------------------------------
Batch: 5
-------------------------------------------
+--------+-----+-----+---------+
|customer|score|email|birthYear|
+--------+-----+-----+---------+
+--------+-----+-----+---------+

-------------------------------------------
Batch: 6
-------------------------------------------
+--------+-----+-----+---------+
|customer|score|email|birthYear|
+--------+-----+-----+---------+
+--------+-----+-----+---------+

-------------------------------------------
Batch: 7
-------------------------------------------
+--------+-----+-----+---------+
|customer|score|email|birthYear|
+--------+-----+-----+---------+
+--------+-----+-----+---------+

-------------------------------------------
Batch: 8
-------------------------------------------
+--------+-----+-----+---------+
|customer|score|email|birthYear|
+--------+-----+-----+---------+
+--------+-----+-----+---------+

-------------------------------------------
Batch: 9
-------------------------------------------
+--------+-----+-----+---------+
|customer|score|email|birthYear|
+--------+-----+-----+---------+
+--------+-----+-----+---------+

-------------------------------------------
Batch: 10
-------------------------------------------
+--------------------+-----+--------------------+---------+
|            customer|score|               email|birthYear|
+--------------------+-----+--------------------+---------+
|Danny.Gonzalez@te...| -2.5|Danny.Gonzalez@te...|     1965|
|Sean.Lincoln@test...| 26.0|Sean.Lincoln@test...|     1962|
|Travis.Habschied@...| 15.5|Travis.Habschied@...|     1963|
+--------------------+-----+--------------------+---------+

-------------------------------------------
Batch: 11
-------------------------------------------
+--------------------+-----+--------------------+---------+
|            customer|score|               email|birthYear|
+--------------------+-----+--------------------+---------+
|Ashley.Abram@test...| -3.0|Ashley.Abram@test...|     1951|
|Angie.Abram@test.com| -3.5|Angie.Abram@test.com|     1954|
|John.Khatib@test.com| -2.0|John.Khatib@test.com|     1958|
|Craig.Jefferson@t...|  0.0|Craig.Jefferson@t...|     1955|
|  Dan.Olson@test.com| -3.5|  Dan.Olson@test.com|     1960|
|Eric.Spencer@test...|  7.5|Eric.Spencer@test...|     1961|
|Trevor.Jackson@te...| -2.5|Trevor.Jackson@te...|     1959|
|Ashley.Habschied@...| -5.5|Ashley.Habschied@...|     1953|
|   Lyn.Huey@test.com| -4.5|   Lyn.Huey@test.com|     1956|
|Senthil.Gonzalez@...| -5.0|Senthil.Gonzalez@...|     1950|
+--------------------+-----+--------------------+---------+

-------------------------------------------
Batch: 12
-------------------------------------------
+--------------------+-----+--------------------+---------+
|            customer|score|               email|birthYear|
+--------------------+-----+--------------------+---------+
|Angie.Fibonnaci@t...| 10.5|Angie.Fibonnaci@t...|     1943|
|Jason.Anderson@te...| -2.5|Jason.Anderson@te...|     1945|
| Jane.Doshi@test.com| 14.5| Jane.Doshi@test.com|     1948|
|Danny.Gonzalez@te...|  4.0|Danny.Gonzalez@te...|     1965|
|  Dan.Abram@test.com|-12.0|  Dan.Abram@test.com|     1949|
|Sean.Lincoln@test...|-11.5|Sean.Lincoln@test...|     1962|
|Jason.Jackson@tes...|  0.5|Jason.Jackson@tes...|     1937|
|Christina.Habschi...| 37.5|Christina.Habschi...|     1942|
|John.Khatib@test.com| -2.5|John.Khatib@test.com|     1958|
|Travis.Khatib@tes...| 19.5|Travis.Khatib@tes...|     1938|
|Dan.Clayton@test.com|  1.0|Dan.Clayton@test.com|     1944|
|Gail.Gonzalez@tes...|-24.0|Gail.Gonzalez@tes...|     1947|
|Travis.Habschied@...| 44.0|Travis.Habschied@...|     1963|
|  Dan.Olson@test.com| -1.0|  Dan.Olson@test.com|     1960|
|Sarah.Khatib@test...| 14.0|Sarah.Khatib@test...|     1946|
|Eric.Spencer@test...| 31.0|Eric.Spencer@test...|     1961|
|Trevor.Jackson@te...| -1.0|Trevor.Jackson@te...|     1959|
+--------------------+-----+--------------------+---------+

-------------------------------------------
Batch: 13
-------------------------------------------
+--------------------+-----+--------------------+---------+
|            customer|score|               email|birthYear|
+--------------------+-----+--------------------+---------+
|Ashley.Abram@test...| -3.0|Ashley.Abram@test...|     1951|
|Angie.Fibonnaci@t...| 10.0|Angie.Fibonnaci@t...|     1943|
|Jason.Anderson@te...| -8.0|Jason.Anderson@te...|     1945|
| Jane.Doshi@test.com| -1.0| Jane.Doshi@test.com|     1948|
|Danny.Gonzalez@te...| -1.0|Danny.Gonzalez@te...|     1965|
|Angie.Abram@test.com| -3.5|Angie.Abram@test.com|     1954|
|  Dan.Abram@test.com|  6.0|  Dan.Abram@test.com|     1949|
|Sean.Lincoln@test...|-25.0|Sean.Lincoln@test...|     1962|
|Jason.Jackson@tes...| -5.5|Jason.Jackson@tes...|     1937|
|Christina.Habschi...| 16.0|Christina.Habschi...|     1942|
|John.Khatib@test.com| -4.0|John.Khatib@test.com|     1958|
|Travis.Khatib@tes...| 52.0|Travis.Khatib@tes...|     1938|
|Dan.Clayton@test.com|-11.5|Dan.Clayton@test.com|     1944|
|Gail.Gonzalez@tes...| 23.5|Gail.Gonzalez@tes...|     1947|
|Travis.Habschied@...| 30.0|Travis.Habschied@...|     1963|
|Craig.Jefferson@t...| -0.5|Craig.Jefferson@t...|     1955|
|  Dan.Olson@test.com| -1.5|  Dan.Olson@test.com|     1960|
|Sarah.Khatib@test...| 44.5|Sarah.Khatib@test...|     1946|
|Eric.Spencer@test...| -2.5|Eric.Spencer@test...|     1961|
|Ashley.Habschied@...| -4.0|Ashley.Habschied@...|     1953|
+--------------------+-----+--------------------+---------+
only showing top 20 rows

-------------------------------------------
Batch: 14
-------------------------------------------
+--------------------+-----+--------------------+---------+
|            customer|score|               email|birthYear|
+--------------------+-----+--------------------+---------+
|Ashley.Abram@test...| -3.0|Ashley.Abram@test...|     1951|
|Angie.Fibonnaci@t...|-18.5|Angie.Fibonnaci@t...|     1943|
|Jason.Anderson@te...|-15.5|Jason.Anderson@te...|     1945|
| Jane.Doshi@test.com|-11.0| Jane.Doshi@test.com|     1948|
|Angie.Abram@test.com| -5.0|Angie.Abram@test.com|     1954|
|  Dan.Abram@test.com| -5.5|  Dan.Abram@test.com|     1949|
|Jason.Jackson@tes...| -5.0|Jason.Jackson@tes...|     1937|
|Christina.Habschi...|-41.5|Christina.Habschi...|     1942|
|Travis.Khatib@tes...| 32.5|Travis.Khatib@tes...|     1938|
|Dan.Clayton@test.com|-21.0|Dan.Clayton@test.com|     1944|
|Gail.Gonzalez@tes...| 36.5|Gail.Gonzalez@tes...|     1947|
|Craig.Jefferson@t...| -2.5|Craig.Jefferson@t...|     1955|
|Sarah.Khatib@test...| 31.5|Sarah.Khatib@test...|     1946|
|Ashley.Habschied@...| -3.5|Ashley.Habschied@...|     1953|
|   Lyn.Huey@test.com| -2.5|   Lyn.Huey@test.com|     1956|
|Senthil.Gonzalez@...| -3.5|Senthil.Gonzalez@...|     1950|
+--------------------+-----+--------------------+---------+

-------------------------------------------
Batch: 15
-------------------------------------------
+--------------------+-----+--------------------+---------+
|            customer|score|               email|birthYear|
+--------------------+-----+--------------------+---------+
|Ashley.Abram@test...| -2.5|Ashley.Abram@test...|     1951|
| Jane.Doshi@test.com| -0.5| Jane.Doshi@test.com|     1948|
|Danny.Gonzalez@te...|-19.5|Danny.Gonzalez@te...|     1965|
|Angie.Abram@test.com| -5.0|Angie.Abram@test.com|     1954|
|  Dan.Abram@test.com|-22.0|  Dan.Abram@test.com|     1949|
|Sean.Lincoln@test...| 11.5|Sean.Lincoln@test...|     1962|
|John.Khatib@test.com| -4.0|John.Khatib@test.com|     1958|
|Gail.Gonzalez@tes...|-12.5|Gail.Gonzalez@tes...|     1947|
|Travis.Habschied@...| -5.0|Travis.Habschied@...|     1963|
|Craig.Jefferson@t...| -4.5|Craig.Jefferson@t...|     1955|
|  Dan.Olson@test.com| -3.5|  Dan.Olson@test.com|     1960|
|Eric.Spencer@test...|-15.0|Eric.Spencer@test...|     1961|
|Trevor.Jackson@te...| -1.5|Trevor.Jackson@te...|     1959|
|Ashley.Habschied@...| -4.0|Ashley.Habschied@...|     1953|
|   Lyn.Huey@test.com| -2.5|   Lyn.Huey@test.com|     1956|
|Senthil.Gonzalez@...| -3.5|Senthil.Gonzalez@...|     1950|
+--------------------+-----+--------------------+---------+

-------------------------------------------
Batch: 16
-------------------------------------------
+--------------------+-----+--------------------+---------+
|            customer|score|               email|birthYear|
+--------------------+-----+--------------------+---------+
|Angie.Fibonnaci@t...|-26.0|Angie.Fibonnaci@t...|     1943|
|Jason.Anderson@te...|-19.5|Jason.Anderson@te...|     1945|
|Jason.Jackson@tes...| 22.5|Jason.Jackson@tes...|     1937|
|Christina.Habschi...|-17.0|Christina.Habschi...|     1942|
|Travis.Khatib@tes...|-12.0|Travis.Khatib@tes...|     1938|
|Dan.Clayton@test.com|-31.0|Dan.Clayton@test.com|     1944|
|Sarah.Khatib@test...|-20.5|Sarah.Khatib@test...|     1946|
+--------------------+-----+--------------------+---------+

-------------------------------------------
Batch: 17
-------------------------------------------
+--------+-----+-----+---------+
|customer|score|email|birthYear|
+--------+-----+-----+---------+
+--------+-----+-----+---------+

-------------------------------------------
Batch: 18
-------------------------------------------
+--------+-----+-----+---------+
|customer|score|email|birthYear|
+--------+-----+-----+---------+
+--------+-----+-----+---------+

-------------------------------------------
Batch: 19
-------------------------------------------
+--------+-----+-----+---------+
|customer|score|email|birthYear|
+--------+-----+-----+---------+
+--------+-----+-----+---------+

-------------------------------------------
Batch: 20
-------------------------------------------
+--------------------+-----+--------------------+---------+
|            customer|score|               email|birthYear|
+--------------------+-----+--------------------+---------+
|  Ben.Smith@test.com| -3.0|  Ben.Smith@test.com|     1961|
|Chris.Clark@test.com| 13.5|Chris.Clark@test.com|     1964|
|Larry.Hansen@test...|  4.5|Larry.Hansen@test...|     1963|
|Lyn.Fibonnaci@tes...|-13.5|Lyn.Fibonnaci@tes...|     1962|
+--------------------+-----+--------------------+---------+

-------------------------------------------
Batch: 21
-------------------------------------------
+--------------------+-----+--------------------+---------+
|            customer|score|               email|birthYear|
+--------------------+-----+--------------------+---------+
|Trevor.Abram@test...| -4.0|Trevor.Abram@test...|     1951|
|Frank.Doshi@test.com| 41.0|Frank.Doshi@test.com|     1943|
|Spencer.Phillips@...| -5.0|Spencer.Phillips@...|     1957|
|Travis.Clayton@te...| -1.5|Travis.Clayton@te...|     1953|
|Travis.Phillips@t...| -4.5|Travis.Phillips@t...|     1954|
|Christina.Harris@...|  0.5|Christina.Harris@...|     1942|
|David.Clark@test.com| -1.5|David.Clark@test.com|     1952|
| Gail.Doshi@test.com| 16.5| Gail.Doshi@test.com|     1945|
| Lyn.Harris@test.com| -2.0| Lyn.Harris@test.com|     1955|
|Sarah.Jones@test.com|-10.0|Sarah.Jones@test.com|     1944|
| Lyn.Anandh@test.com| -4.0| Lyn.Anandh@test.com|     1946|
|David.Olson@test.com| 12.0|David.Olson@test.com|     1949|
|  Edward.Wu@test.com| -4.5|  Edward.Wu@test.com|     1941|
|Danny.Anandh@test...|-11.0|Danny.Anandh@test...|     1947|
+--------------------+-----+--------------------+---------+

-------------------------------------------
Batch: 22
-------------------------------------------
+--------------------+-----+--------------------+---------+
|            customer|score|               email|birthYear|
+--------------------+-----+--------------------+---------+
|  Ben.Smith@test.com| -2.5|  Ben.Smith@test.com|     1961|
|Trevor.Abram@test...| -5.5|Trevor.Abram@test...|     1951|
|Spencer.Phillips@...| -5.0|Spencer.Phillips@...|     1957|
|Travis.Clayton@te...| -1.5|Travis.Clayton@te...|     1953|
|Suresh.Harris@tes...|  2.0|Suresh.Harris@tes...|     1937|
|Travis.Phillips@t...| -5.0|Travis.Phillips@t...|     1954|
|Edward.Doshi@test...| -5.0|Edward.Doshi@test...|     1940|
|Chris.Clark@test.com| -2.5|Chris.Clark@test.com|     1964|
|David.Clark@test.com| -0.5|David.Clark@test.com|     1952|
|Larry.Hansen@test...| 44.0|Larry.Hansen@test...|     1963|
| Gail.Doshi@test.com| 32.0| Gail.Doshi@test.com|     1945|
| Lyn.Harris@test.com| -1.5| Lyn.Harris@test.com|     1955|
|Lyn.Fibonnaci@tes...| 24.5|Lyn.Fibonnaci@tes...|     1962|
|Sarah.Jones@test.com| 16.0|Sarah.Jones@test.com|     1944|
| Lyn.Anandh@test.com|-19.5| Lyn.Anandh@test.com|     1946|
|David.Olson@test.com|-15.5|David.Olson@test.com|     1949|
|Danny.Anandh@test...| 34.0|Danny.Anandh@test...|     1947|
+--------------------+-----+--------------------+---------+

-------------------------------------------
Batch: 23
-------------------------------------------
+--------------------+-----+--------------------+---------+
|            customer|score|               email|birthYear|
+--------------------+-----+--------------------+---------+
|  Ben.Smith@test.com|-20.0|  Ben.Smith@test.com|     1961|
|Trevor.Abram@test...| -5.0|Trevor.Abram@test...|     1951|
|Frank.Doshi@test.com| -3.5|Frank.Doshi@test.com|     1943|
|Spencer.Phillips@...| -4.0|Spencer.Phillips@...|     1957|
|Travis.Clayton@te...| -1.5|Travis.Clayton@te...|     1953|
|Suresh.Harris@tes...| 17.0|Suresh.Harris@tes...|     1937|
|Travis.Phillips@t...| -2.5|Travis.Phillips@t...|     1954|
|Edward.Doshi@test...|-20.0|Edward.Doshi@test...|     1940|
|Chris.Clark@test.com| -7.5|Chris.Clark@test.com|     1964|
|Christina.Harris@...| 14.0|Christina.Harris@...|     1942|
|David.Clark@test.com| -1.5|David.Clark@test.com|     1952|
|Larry.Hansen@test...| 12.5|Larry.Hansen@test...|     1963|
| Lyn.Harris@test.com| -2.5| Lyn.Harris@test.com|     1955|
|Lyn.Fibonnaci@tes...| -8.5|Lyn.Fibonnaci@tes...|     1962|
|David.Olson@test.com|-12.5|David.Olson@test.com|     1949|
|  Edward.Wu@test.com|  8.0|  Edward.Wu@test.com|     1941|
|Danny.Anandh@test...|  8.5|Danny.Anandh@test...|     1947|
+--------------------+-----+--------------------+---------+

-------------------------------------------
Batch: 24
-------------------------------------------
+--------------------+-----+--------------------+---------+
|            customer|score|               email|birthYear|
+--------------------+-----+--------------------+---------+
|  Ben.Smith@test.com| -0.5|  Ben.Smith@test.com|     1961|
|Trevor.Abram@test...| -4.0|Trevor.Abram@test...|     1951|
|Frank.Doshi@test.com|-18.5|Frank.Doshi@test.com|     1943|
|Spencer.Phillips@...| -2.5|Spencer.Phillips@...|     1957|
|Travis.Clayton@te...| -3.5|Travis.Clayton@te...|     1953|
|Suresh.Harris@tes...|  2.5|Suresh.Harris@tes...|     1937|
|Travis.Phillips@t...| -1.5|Travis.Phillips@t...|     1954|
|Edward.Doshi@test...| -8.0|Edward.Doshi@test...|     1940|
|Chris.Clark@test.com| -9.0|Chris.Clark@test.com|     1964|
|Christina.Harris@...| 26.0|Christina.Harris@...|     1942|
|David.Clark@test.com| -4.0|David.Clark@test.com|     1952|
| Gail.Doshi@test.com| -6.5| Gail.Doshi@test.com|     1945|
|Larry.Hansen@test...|-41.5|Larry.Hansen@test...|     1963|
| Lyn.Harris@test.com| -3.0| Lyn.Harris@test.com|     1955|
|Lyn.Fibonnaci@tes...|-15.0|Lyn.Fibonnaci@tes...|     1962|
|Sarah.Jones@test.com| 36.0|Sarah.Jones@test.com|     1944|
| Lyn.Anandh@test.com|  9.5| Lyn.Anandh@test.com|     1946|
|  Edward.Wu@test.com| -2.5|  Edward.Wu@test.com|     1941|
+--------------------+-----+--------------------+---------+

-------------------------------------------
Batch: 25
-------------------------------------------
+--------------------+-----+--------------------+---------+
|            customer|score|               email|birthYear|
+--------------------+-----+--------------------+---------+
|  Ben.Smith@test.com| 16.0|  Ben.Smith@test.com|     1961|
|Frank.Doshi@test.com|-11.5|Frank.Doshi@test.com|     1943|
|Spencer.Phillips@...| -2.0|Spencer.Phillips@...|     1957|
|Suresh.Harris@tes...|-26.0|Suresh.Harris@tes...|     1937|
|Travis.Phillips@t...| -3.0|Travis.Phillips@t...|     1954|
|Edward.Doshi@test...| 15.5|Edward.Doshi@test...|     1940|
|Chris.Clark@test.com| 29.5|Chris.Clark@test.com|     1964|
|Christina.Harris@...| -7.0|Christina.Harris@...|     1942|
| Gail.Doshi@test.com|-27.0| Gail.Doshi@test.com|     1945|
|Larry.Hansen@test...|-38.0|Larry.Hansen@test...|     1963|
| Lyn.Harris@test.com| -2.0| Lyn.Harris@test.com|     1955|
|Lyn.Fibonnaci@tes...| 16.5|Lyn.Fibonnaci@tes...|     1962|
|Sarah.Jones@test.com| 16.5|Sarah.Jones@test.com|     1944|
| Lyn.Anandh@test.com| 17.0| Lyn.Anandh@test.com|     1946|
|David.Olson@test.com|-23.0|David.Olson@test.com|     1949|
|  Edward.Wu@test.com|-21.0|  Edward.Wu@test.com|     1941|
|Danny.Anandh@test...| 24.5|Danny.Anandh@test...|     1947|
+--------------------+-----+--------------------+---------+

-------------------------------------------
Batch: 26
-------------------------------------------
+--------------------+-----+--------------------+---------+
|            customer|score|               email|birthYear|
+--------------------+-----+--------------------+---------+
|Trevor.Abram@test...| -4.0|Trevor.Abram@test...|     1951|
|Frank.Doshi@test.com| 29.0|Frank.Doshi@test.com|     1943|
|Travis.Clayton@te...| -5.5|Travis.Clayton@te...|     1953|
|Edward.Doshi@test...|  2.5|Edward.Doshi@test...|     1940|
|Christina.Harris@...|-12.5|Christina.Harris@...|     1942|
|David.Clark@test.com| -4.0|David.Clark@test.com|     1952|
| Gail.Doshi@test.com|-25.5| Gail.Doshi@test.com|     1945|
|Sarah.Jones@test.com| -7.5|Sarah.Jones@test.com|     1944|
| Lyn.Anandh@test.com|-16.0| Lyn.Anandh@test.com|     1946|
|David.Olson@test.com|  7.0|David.Olson@test.com|     1949|
|  Edward.Wu@test.com|-13.5|  Edward.Wu@test.com|     1941|
|Danny.Anandh@test...| -5.0|Danny.Anandh@test...|     1947|
+--------------------+-----+--------------------+---------+

-------------------------------------------
Batch: 27
-------------------------------------------
+--------------------+-----+--------------------+---------+
|            customer|score|               email|birthYear|
+--------------------+-----+--------------------+---------+
|  Ben.Smith@test.com| -7.0|  Ben.Smith@test.com|     1961|
|Trevor.Abram@test...| -3.5|Trevor.Abram@test...|     1951|
|Spencer.Phillips@...| -3.0|Spencer.Phillips@...|     1957|
|Travis.Clayton@te...| -6.0|Travis.Clayton@te...|     1953|
|Suresh.Harris@tes...|-26.0|Suresh.Harris@tes...|     1937|
|Travis.Phillips@t...| -4.5|Travis.Phillips@t...|     1954|
|Chris.Clark@test.com| 16.5|Chris.Clark@test.com|     1964|
|David.Clark@test.com| -3.0|David.Clark@test.com|     1952|
|Larry.Hansen@test...| -5.5|Larry.Hansen@test...|     1963|
| Lyn.Harris@test.com| -1.0| Lyn.Harris@test.com|     1955|
|Lyn.Fibonnaci@tes...| -3.0|Lyn.Fibonnaci@tes...|     1962|
|David.Olson@test.com| 25.5|David.Olson@test.com|     1949|
+--------------------+-----+--------------------+---------+

-------------------------------------------
Batch: 28
-------------------------------------------
+--------------------+-----+--------------------+---------+
|            customer|score|               email|birthYear|
+--------------------+-----+--------------------+---------+
|  Ben.Smith@test.com| -5.0|  Ben.Smith@test.com|     1961|
|Frank.Doshi@test.com|  4.5|Frank.Doshi@test.com|     1943|
|Spencer.Phillips@...| -4.5|Spencer.Phillips@...|     1957|
|Suresh.Harris@tes...|-13.0|Suresh.Harris@tes...|     1937|
|Travis.Phillips@t...| -4.0|Travis.Phillips@t...|     1954|
|Edward.Doshi@test...| -0.5|Edward.Doshi@test...|     1940|
|Chris.Clark@test.com|-16.0|Chris.Clark@test.com|     1964|
|Christina.Harris@...| 12.5|Christina.Harris@...|     1942|
| Gail.Doshi@test.com|-21.0| Gail.Doshi@test.com|     1945|
|Larry.Hansen@test...| 23.0|Larry.Hansen@test...|     1963|
| Lyn.Harris@test.com| -1.0| Lyn.Harris@test.com|     1955|
|Lyn.Fibonnaci@tes...|-22.5|Lyn.Fibonnaci@tes...|     1962|
|Sarah.Jones@test.com|-13.5|Sarah.Jones@test.com|     1944|
| Lyn.Anandh@test.com|-17.5| Lyn.Anandh@test.com|     1946|
|  Edward.Wu@test.com| -3.0|  Edward.Wu@test.com|     1941|
|Danny.Anandh@test...| 10.0|Danny.Anandh@test...|     1947|
+--------------------+-----+--------------------+---------+

-------------------------------------------
Batch: 29
-------------------------------------------
+--------------------+-----+--------------------+---------+
|            customer|score|               email|birthYear|
+--------------------+-----+--------------------+---------+
|  Ben.Smith@test.com| 15.0|  Ben.Smith@test.com|     1961|
|Trevor.Abram@test...| -3.5|Trevor.Abram@test...|     1951|
|Frank.Doshi@test.com|-30.0|Frank.Doshi@test.com|     1943|
|Spencer.Phillips@...| -3.5|Spencer.Phillips@...|     1957|
|Travis.Clayton@te...| -4.5|Travis.Clayton@te...|     1953|
|Suresh.Harris@tes...| -4.5|Suresh.Harris@tes...|     1937|
|Travis.Phillips@t...| -2.0|Travis.Phillips@t...|     1954|
|Edward.Doshi@test...| 11.0|Edward.Doshi@test...|     1940|
|Chris.Clark@test.com|-15.0|Chris.Clark@test.com|     1964|
|Christina.Harris@...| 10.5|Christina.Harris@...|     1942|
|David.Clark@test.com| -2.5|David.Clark@test.com|     1952|
| Gail.Doshi@test.com| 15.0| Gail.Doshi@test.com|     1945|
|Larry.Hansen@test...| 10.5|Larry.Hansen@test...|     1963|
| Lyn.Harris@test.com| -2.0| Lyn.Harris@test.com|     1955|
|Lyn.Fibonnaci@tes...| -9.5|Lyn.Fibonnaci@tes...|     1962|
|Sarah.Jones@test.com|  5.0|Sarah.Jones@test.com|     1944|
| Lyn.Anandh@test.com| 17.0| Lyn.Anandh@test.com|     1946|
|David.Olson@test.com| 37.5|David.Olson@test.com|     1949|
|  Edward.Wu@test.com| -3.5|  Edward.Wu@test.com|     1941|
|Danny.Anandh@test...|-13.0|Danny.Anandh@test...|     1947|
+--------------------+-----+--------------------+---------+

-------------------------------------------
Batch: 30
-------------------------------------------
+--------------------+-----+--------------------+---------+
|            customer|score|               email|birthYear|
+--------------------+-----+--------------------+---------+
|  Ben.Smith@test.com| -5.0|  Ben.Smith@test.com|     1961|
|Trevor.Abram@test...| -4.5|Trevor.Abram@test...|     1951|
|Frank.Doshi@test.com|-10.5|Frank.Doshi@test.com|     1943|
|Spencer.Phillips@...| -2.0|Spencer.Phillips@...|     1957|
|Travis.Clayton@te...| -1.5|Travis.Clayton@te...|     1953|
|Travis.Clayton@te...|  0.0|Travis.Clayton@te...|     1953|
|Suresh.Harris@tes...| 27.5|Suresh.Harris@tes...|     1937|
|Travis.Phillips@t...| -2.5|Travis.Phillips@t...|     1954|
|Edward.Doshi@test...|  0.0|Edward.Doshi@test...|     1940|
|Chris.Clark@test.com|  1.5|Chris.Clark@test.com|     1964|
|Christina.Harris@...| 21.5|Christina.Harris@...|     1942|
|David.Clark@test.com| -1.5|David.Clark@test.com|     1952|
|David.Clark@test.com| -1.5|David.Clark@test.com|     1952|
| Gail.Doshi@test.com| 43.5| Gail.Doshi@test.com|     1945|
|Larry.Hansen@test...|-19.0|Larry.Hansen@test...|     1963|
| Lyn.Harris@test.com| -4.0| Lyn.Harris@test.com|     1955|
|Lyn.Fibonnaci@tes...| 16.5|Lyn.Fibonnaci@tes...|     1962|
|Sarah.Jones@test.com| 13.0|Sarah.Jones@test.com|     1944|
| Lyn.Anandh@test.com| 15.5| Lyn.Anandh@test.com|     1946|
|David.Olson@test.com| 12.0|David.Olson@test.com|     1949|
+--------------------+-----+--------------------+---------+
only showing top 20 rows

-------------------------------------------
Batch: 31
-------------------------------------------
+--------------------+-----+--------------------+---------+
|            customer|score|               email|birthYear|
+--------------------+-----+--------------------+---------+
|  Ben.Smith@test.com|-36.0|  Ben.Smith@test.com|     1961|
|Trevor.Abram@test...| -5.5|Trevor.Abram@test...|     1951|
|Frank.Doshi@test.com| 33.5|Frank.Doshi@test.com|     1943|
|Suresh.Harris@tes...| 24.5|Suresh.Harris@tes...|     1937|
|Edward.Doshi@test...|  3.5|Edward.Doshi@test...|     1940|
|Chris.Clark@test.com|-10.5|Chris.Clark@test.com|     1964|
|Christina.Harris@...| -1.5|Christina.Harris@...|     1942|
| Gail.Doshi@test.com| 12.0| Gail.Doshi@test.com|     1945|
|Larry.Hansen@test...|  8.5|Larry.Hansen@test...|     1963|
|Lyn.Fibonnaci@tes...| 24.5|Lyn.Fibonnaci@tes...|     1962|
|Sarah.Jones@test.com| -3.0|Sarah.Jones@test.com|     1944|
| Lyn.Anandh@test.com|-21.0| Lyn.Anandh@test.com|     1946|
|David.Olson@test.com| -7.0|David.Olson@test.com|     1949|
|  Edward.Wu@test.com| 16.5|  Edward.Wu@test.com|     1941|
|Danny.Anandh@test...|  0.5|Danny.Anandh@test...|     1947|
+--------------------+-----+--------------------+---------+

-------------------------------------------
Batch: 32
-------------------------------------------
+--------------------+-----+--------------------+---------+
|            customer|score|               email|birthYear|
+--------------------+-----+--------------------+---------+
|Trevor.Abram@test...| -5.5|Trevor.Abram@test...|     1951|
|Frank.Doshi@test.com| 27.5|Frank.Doshi@test.com|     1943|
|Spencer.Phillips@...| -3.5|Spencer.Phillips@...|     1957|
|Travis.Clayton@te...| -0.5|Travis.Clayton@te...|     1953|
|Travis.Phillips@t...| -3.5|Travis.Phillips@t...|     1954|
|Christina.Harris@...| 27.0|Christina.Harris@...|     1942|
|David.Clark@test.com| -2.5|David.Clark@test.com|     1952|
| Gail.Doshi@test.com| -9.0| Gail.Doshi@test.com|     1945|
| Lyn.Harris@test.com| -5.0| Lyn.Harris@test.com|     1955|
|Sarah.Jones@test.com|  7.0|Sarah.Jones@test.com|     1944|
| Lyn.Anandh@test.com|-21.5| Lyn.Anandh@test.com|     1946|
|David.Olson@test.com| -0.5|David.Olson@test.com|     1949|
|Danny.Anandh@test...|  6.5|Danny.Anandh@test...|     1947|
+--------------------+-----+--------------------+---------+

-------------------------------------------
Batch: 33
-------------------------------------------
+--------------------+-----+--------------------+---------+
|            customer|score|               email|birthYear|
+--------------------+-----+--------------------+---------+
|  Ben.Smith@test.com| -5.5|  Ben.Smith@test.com|     1961|
|Trevor.Abram@test...| -3.5|Trevor.Abram@test...|     1951|
|Spencer.Phillips@...| -5.0|Spencer.Phillips@...|     1957|
|Travis.Clayton@te...| -2.5|Travis.Clayton@te...|     1953|
|Suresh.Harris@tes...| 38.0|Suresh.Harris@tes...|     1937|
|Travis.Phillips@t...| -2.0|Travis.Phillips@t...|     1954|
|Edward.Doshi@test...|  0.0|Edward.Doshi@test...|     1940|
|Chris.Clark@test.com|-10.0|Chris.Clark@test.com|     1964|
|David.Clark@test.com| -3.5|David.Clark@test.com|     1952|
|Larry.Hansen@test...| 28.5|Larry.Hansen@test...|     1963|
| Lyn.Harris@test.com| -5.5| Lyn.Harris@test.com|     1955|
|Lyn.Fibonnaci@tes...| -6.0|Lyn.Fibonnaci@tes...|     1962|
|David.Olson@test.com|  7.0|David.Olson@test.com|     1949|
|  Edward.Wu@test.com|  5.5|  Edward.Wu@test.com|     1941|
+--------------------+-----+--------------------+---------+

-------------------------------------------
Batch: 34
-------------------------------------------
+--------------------+-----+--------------------+---------+
|            customer|score|               email|birthYear|
+--------------------+-----+--------------------+---------+
|  Ben.Smith@test.com| 27.0|  Ben.Smith@test.com|     1961|
|Frank.Doshi@test.com|-13.0|Frank.Doshi@test.com|     1943|
|Spencer.Phillips@...| -4.0|Spencer.Phillips@...|     1957|
|Suresh.Harris@tes...| 12.0|Suresh.Harris@tes...|     1937|
|Edward.Doshi@test...|-13.0|Edward.Doshi@test...|     1940|
|Chris.Clark@test.com| -3.5|Chris.Clark@test.com|     1964|
|Christina.Harris@...| 10.5|Christina.Harris@...|     1942|
| Gail.Doshi@test.com| 13.5| Gail.Doshi@test.com|     1945|
|Larry.Hansen@test...|-12.5|Larry.Hansen@test...|     1963|
|Lyn.Fibonnaci@tes...|-17.5|Lyn.Fibonnaci@tes...|     1962|
|Sarah.Jones@test.com|-10.5|Sarah.Jones@test.com|     1944|
| Lyn.Anandh@test.com| 22.0| Lyn.Anandh@test.com|     1946|
|  Edward.Wu@test.com|-18.0|  Edward.Wu@test.com|     1941|
|Danny.Anandh@test...| 12.5|Danny.Anandh@test...|     1947|
+--------------------+-----+--------------------+---------+

-------------------------------------------
Batch: 35
-------------------------------------------
+--------------------+-----+--------------------+---------+
|            customer|score|               email|birthYear|
+--------------------+-----+--------------------+---------+
|Trevor.Abram@test...| -2.5|Trevor.Abram@test...|     1951|
|Frank.Doshi@test.com|-10.0|Frank.Doshi@test.com|     1943|
|Travis.Clayton@te...| -4.0|Travis.Clayton@te...|     1953|
|Suresh.Harris@tes...| -1.0|Suresh.Harris@tes...|     1937|
|Travis.Phillips@t...| -2.0|Travis.Phillips@t...|     1954|
|Edward.Doshi@test...|  7.5|Edward.Doshi@test...|     1940|
|Chris.Clark@test.com| -7.0|Chris.Clark@test.com|     1964|
|Christina.Harris@...|-23.0|Christina.Harris@...|     1942|
|David.Clark@test.com| -3.5|David.Clark@test.com|     1952|
| Gail.Doshi@test.com|  2.5| Gail.Doshi@test.com|     1945|
|Larry.Hansen@test...|-11.5|Larry.Hansen@test...|     1963|
| Lyn.Harris@test.com| -5.5| Lyn.Harris@test.com|     1955|
|Sarah.Jones@test.com| 24.0|Sarah.Jones@test.com|     1944|
| Lyn.Anandh@test.com|  8.5| Lyn.Anandh@test.com|     1946|
|David.Olson@test.com| -4.5|David.Olson@test.com|     1949|
|  Edward.Wu@test.com| 12.5|  Edward.Wu@test.com|     1941|
|Danny.Anandh@test...| 14.0|Danny.Anandh@test...|     1947|
+--------------------+-----+--------------------+---------+

-------------------------------------------
Batch: 36
-------------------------------------------
+--------------------+-----+--------------------+---------+
|            customer|score|               email|birthYear|
+--------------------+-----+--------------------+---------+
|  Ben.Smith@test.com| -5.0|  Ben.Smith@test.com|     1961|
|Trevor.Abram@test...| -4.0|Trevor.Abram@test...|     1951|
|Frank.Doshi@test.com| -5.5|Frank.Doshi@test.com|     1943|
|Spencer.Phillips@...| -2.0|Spencer.Phillips@...|     1957|
|Travis.Clayton@te...| -2.5|Travis.Clayton@te...|     1953|
|Travis.Phillips@t...| -2.5|Travis.Phillips@t...|     1954|
|David.Clark@test.com| -2.0|David.Clark@test.com|     1952|
| Gail.Doshi@test.com|-27.5| Gail.Doshi@test.com|     1945|
| Lyn.Harris@test.com| -3.5| Lyn.Harris@test.com|     1955|
|Lyn.Fibonnaci@tes...|  5.0|Lyn.Fibonnaci@tes...|     1962|
|Sarah.Jones@test.com| 21.0|Sarah.Jones@test.com|     1944|
| Lyn.Anandh@test.com|-25.0| Lyn.Anandh@test.com|     1946|
|David.Olson@test.com| -1.0|David.Olson@test.com|     1949|
|Danny.Anandh@test...|-16.5|Danny.Anandh@test...|     1947|
+--------------------+-----+--------------------+---------+

-------------------------------------------
Batch: 37
-------------------------------------------
+--------------------+-----+--------------------+---------+
|            customer|score|               email|birthYear|
+--------------------+-----+--------------------+---------+
|  Ben.Smith@test.com| -9.5|  Ben.Smith@test.com|     1961|
|Spencer.Phillips@...| -1.5|Spencer.Phillips@...|     1957|
|Travis.Clayton@te...| -1.5|Travis.Clayton@te...|     1953|
|Suresh.Harris@tes...| -5.0|Suresh.Harris@tes...|     1937|
|Travis.Phillips@t...| -2.0|Travis.Phillips@t...|     1954|
|Edward.Doshi@test...| 15.5|Edward.Doshi@test...|     1940|
|Chris.Clark@test.com| 22.5|Chris.Clark@test.com|     1964|
|Christina.Harris@...|-25.5|Christina.Harris@...|     1942|
|David.Clark@test.com| -2.0|David.Clark@test.com|     1952|
|Larry.Hansen@test...| 31.0|Larry.Hansen@test...|     1963|
| Lyn.Harris@test.com| -2.0| Lyn.Harris@test.com|     1955|
|Lyn.Fibonnaci@tes...| 32.5|Lyn.Fibonnaci@tes...|     1962|
|  Edward.Wu@test.com| 26.0|  Edward.Wu@test.com|     1941|
+--------------------+-----+--------------------+---------+

-------------------------------------------
Batch: 38
-------------------------------------------
+--------------------+-----+--------------------+---------+
|            customer|score|               email|birthYear|
+--------------------+-----+--------------------+---------+
|Trevor.Abram@test...| -4.0|Trevor.Abram@test...|     1951|
|Frank.Doshi@test.com|  2.5|Frank.Doshi@test.com|     1943|
|Suresh.Harris@tes...|-23.5|Suresh.Harris@tes...|     1937|
|Edward.Doshi@test...| -0.5|Edward.Doshi@test...|     1940|
|Chris.Clark@test.com| 17.5|Chris.Clark@test.com|     1964|
|Christina.Harris@...|-19.0|Christina.Harris@...|     1942|
| Gail.Doshi@test.com|-15.5| Gail.Doshi@test.com|     1945|
|Larry.Hansen@test...|  5.5|Larry.Hansen@test...|     1963|
|Lyn.Fibonnaci@tes...| 23.0|Lyn.Fibonnaci@tes...|     1962|
|Sarah.Jones@test.com| -9.0|Sarah.Jones@test.com|     1944|
| Lyn.Anandh@test.com|  1.5| Lyn.Anandh@test.com|     1946|
|David.Olson@test.com|  1.0|David.Olson@test.com|     1949|
|  Edward.Wu@test.com| -6.0|  Edward.Wu@test.com|     1941|
|Danny.Anandh@test...|-18.5|Danny.Anandh@test...|     1947|
+--------------------+-----+--------------------+---------+

-------------------------------------------
Batch: 39
-------------------------------------------
+--------------------+-----+--------------------+---------+
|            customer|score|               email|birthYear|
+--------------------+-----+--------------------+---------+
|  Ben.Smith@test.com| 12.0|  Ben.Smith@test.com|     1961|
|Trevor.Abram@test...| -2.0|Trevor.Abram@test...|     1951|
|Frank.Doshi@test.com|  8.0|Frank.Doshi@test.com|     1943|
|Spencer.Phillips@...| -3.5|Spencer.Phillips@...|     1957|
|Travis.Clayton@te...| -2.0|Travis.Clayton@te...|     1953|
|Suresh.Harris@tes...|-28.5|Suresh.Harris@tes...|     1937|
|Travis.Phillips@t...| -2.5|Travis.Phillips@t...|     1954|
|Edward.Doshi@test...| -7.5|Edward.Doshi@test...|     1940|
|Christina.Harris@...| 16.5|Christina.Harris@...|     1942|
|David.Clark@test.com| -4.0|David.Clark@test.com|     1952|
| Gail.Doshi@test.com| -1.5| Gail.Doshi@test.com|     1945|
| Lyn.Harris@test.com| -3.5| Lyn.Harris@test.com|     1955|
|Sarah.Jones@test.com|-37.5|Sarah.Jones@test.com|     1944|
| Lyn.Anandh@test.com| 22.5| Lyn.Anandh@test.com|     1946|
|David.Olson@test.com| -0.5|David.Olson@test.com|     1949|
|  Edward.Wu@test.com|-13.0|  Edward.Wu@test.com|     1941|
|Danny.Anandh@test...| 20.5|Danny.Anandh@test...|     1947|
+--------------------+-----+--------------------+---------+

-------------------------------------------
Batch: 40
-------------------------------------------
+--------------------+-----+--------------------+---------+
|            customer|score|               email|birthYear|
+--------------------+-----+--------------------+---------+
|  Ben.Smith@test.com|-11.5|  Ben.Smith@test.com|     1961|
|Trevor.Abram@test...| -0.5|Trevor.Abram@test...|     1951|
|Spencer.Phillips@...| -4.5|Spencer.Phillips@...|     1957|
|Travis.Clayton@te...| -2.0|Travis.Clayton@te...|     1953|
|Travis.Phillips@t...| -2.5|Travis.Phillips@t...|     1954|
|Chris.Clark@test.com|-30.5|Chris.Clark@test.com|     1964|
|David.Clark@test.com| -4.5|David.Clark@test.com|     1952|
|Larry.Hansen@test...|-35.0|Larry.Hansen@test...|     1963|
| Lyn.Harris@test.com| -5.0| Lyn.Harris@test.com|     1955|
|Lyn.Fibonnaci@tes...| -1.0|Lyn.Fibonnaci@tes...|     1962|
| Lyn.Anandh@test.com| 18.5| Lyn.Anandh@test.com|     1946|
|David.Olson@test.com| -4.5|David.Olson@test.com|     1949|
|Danny.Anandh@test...| 20.5|Danny.Anandh@test...|     1947|
+--------------------+-----+--------------------+---------+

-------------------------------------------
Batch: 41
-------------------------------------------
+--------------------+-----+--------------------+---------+
|            customer|score|               email|birthYear|
+--------------------+-----+--------------------+---------+
|  Ben.Smith@test.com|-20.0|  Ben.Smith@test.com|     1961|
|Frank.Doshi@test.com| 17.0|Frank.Doshi@test.com|     1943|
|Spencer.Phillips@...| -4.0|Spencer.Phillips@...|     1957|
|Suresh.Harris@tes...| -1.5|Suresh.Harris@tes...|     1937|
|Travis.Phillips@t...| -3.0|Travis.Phillips@t...|     1954|
|Edward.Doshi@test...| -1.0|Edward.Doshi@test...|     1940|
|Chris.Clark@test.com|-34.0|Chris.Clark@test.com|     1964|
|Christina.Harris@...| 23.0|Christina.Harris@...|     1942|
| Gail.Doshi@test.com| -9.5| Gail.Doshi@test.com|     1945|
|Larry.Hansen@test...|-25.0|Larry.Hansen@test...|     1963|
| Lyn.Harris@test.com| -4.0| Lyn.Harris@test.com|     1955|
|Lyn.Fibonnaci@tes...|-14.5|Lyn.Fibonnaci@tes...|     1962|
|Sarah.Jones@test.com|-16.5|Sarah.Jones@test.com|     1944|
|  Edward.Wu@test.com|-20.0|  Edward.Wu@test.com|     1941|
+--------------------+-----+--------------------+---------+

-------------------------------------------
Batch: 42
-------------------------------------------
+--------------------+-----+--------------------+---------+
|            customer|score|               email|birthYear|
+--------------------+-----+--------------------+---------+
|  Ben.Smith@test.com| -2.5|  Ben.Smith@test.com|     1961|
|Trevor.Abram@test...| -1.5|Trevor.Abram@test...|     1951|
|Frank.Doshi@test.com|-31.5|Frank.Doshi@test.com|     1943|
|Travis.Clayton@te...| -3.5|Travis.Clayton@te...|     1953|
|Suresh.Harris@tes...| 18.5|Suresh.Harris@tes...|     1937|
|Edward.Doshi@test...| -0.5|Edward.Doshi@test...|     1940|
|Chris.Clark@test.com| -8.0|Chris.Clark@test.com|     1964|
|Christina.Harris@...|  2.5|Christina.Harris@...|     1942|
|David.Clark@test.com| -4.0|David.Clark@test.com|     1952|
| Gail.Doshi@test.com| -7.0| Gail.Doshi@test.com|     1945|
|Larry.Hansen@test...| -8.5|Larry.Hansen@test...|     1963|
|Lyn.Fibonnaci@tes...| -9.5|Lyn.Fibonnaci@tes...|     1962|
|Sarah.Jones@test.com| 20.0|Sarah.Jones@test.com|     1944|
| Lyn.Anandh@test.com|  0.0| Lyn.Anandh@test.com|     1946|
|David.Olson@test.com|-22.5|David.Olson@test.com|     1949|
|  Edward.Wu@test.com|-17.0|  Edward.Wu@test.com|     1941|
|Danny.Anandh@test...| -4.0|Danny.Anandh@test...|     1947|
+--------------------+-----+--------------------+---------+

-------------------------------------------
Batch: 43
-------------------------------------------
+--------------------+-----+--------------------+---------+
|            customer|score|               email|birthYear|
+--------------------+-----+--------------------+---------+
|Trevor.Abram@test...| -4.5|Trevor.Abram@test...|     1951|
|Frank.Doshi@test.com| -4.0|Frank.Doshi@test.com|     1943|
|Spencer.Phillips@...| -4.0|Spencer.Phillips@...|     1957|
|Travis.Clayton@te...| -4.5|Travis.Clayton@te...|     1953|
|Suresh.Harris@tes...| 12.0|Suresh.Harris@tes...|     1937|
|Travis.Phillips@t...| -4.0|Travis.Phillips@t...|     1954|
|Edward.Doshi@test...| -9.0|Edward.Doshi@test...|     1940|
|Chris.Clark@test.com| 23.0|Chris.Clark@test.com|     1964|
|Christina.Harris@...| -6.0|Christina.Harris@...|     1942|
|David.Clark@test.com| -4.5|David.Clark@test.com|     1952|
| Gail.Doshi@test.com|  0.0| Gail.Doshi@test.com|     1945|
|Larry.Hansen@test...|  7.0|Larry.Hansen@test...|     1963|
| Lyn.Harris@test.com| -2.0| Lyn.Harris@test.com|     1955|
|Lyn.Fibonnaci@tes...| -0.5|Lyn.Fibonnaci@tes...|     1962|
|Sarah.Jones@test.com| 11.0|Sarah.Jones@test.com|     1944|
| Lyn.Anandh@test.com|-11.5| Lyn.Anandh@test.com|     1946|
|David.Olson@test.com|-21.5|David.Olson@test.com|     1949|
|  Edward.Wu@test.com| 21.5|  Edward.Wu@test.com|     1941|
|Danny.Anandh@test...| -1.0|Danny.Anandh@test...|     1947|
+--------------------+-----+--------------------+---------+

-------------------------------------------
Batch: 44
-------------------------------------------
+--------------------+-----+--------------------+---------+
|            customer|score|               email|birthYear|
+--------------------+-----+--------------------+---------+
|  Ben.Smith@test.com|  8.5|  Ben.Smith@test.com|     1961|
|Trevor.Abram@test...| -4.5|Trevor.Abram@test...|     1951|
|Frank.Doshi@test.com| 28.0|Frank.Doshi@test.com|     1943|
|Spencer.Phillips@...| -2.5|Spencer.Phillips@...|     1957|
|Travis.Clayton@te...| -3.5|Travis.Clayton@te...|     1953|
|Travis.Phillips@t...| -4.0|Travis.Phillips@t...|     1954|
|David.Clark@test.com| -4.0|David.Clark@test.com|     1952|
| Gail.Doshi@test.com| 15.5| Gail.Doshi@test.com|     1945|
| Lyn.Harris@test.com| -2.0| Lyn.Harris@test.com|     1955|
|Sarah.Jones@test.com| 16.5|Sarah.Jones@test.com|     1944|
| Lyn.Anandh@test.com|-20.0| Lyn.Anandh@test.com|     1946|
|David.Olson@test.com|  5.5|David.Olson@test.com|     1949|
|Danny.Anandh@test...| -3.0|Danny.Anandh@test...|     1947|
+--------------------+-----+--------------------+---------+

-------------------------------------------
Batch: 45
-------------------------------------------
+--------------------+-----+--------------------+---------+
|            customer|score|               email|birthYear|
+--------------------+-----+--------------------+---------+
|  Ben.Smith@test.com|  2.0|  Ben.Smith@test.com|     1961|
|Spencer.Phillips@...| -1.0|Spencer.Phillips@...|     1957|
|Travis.Clayton@te...| -3.5|Travis.Clayton@te...|     1953|
|Suresh.Harris@tes...|  0.0|Suresh.Harris@tes...|     1937|
|Travis.Phillips@t...| -5.0|Travis.Phillips@t...|     1954|
|Edward.Doshi@test...|-11.0|Edward.Doshi@test...|     1940|
|Chris.Clark@test.com| 50.5|Chris.Clark@test.com|     1964|
|Christina.Harris@...| -8.5|Christina.Harris@...|     1942|
|David.Clark@test.com| -2.5|David.Clark@test.com|     1952|
|Larry.Hansen@test...| 20.0|Larry.Hansen@test...|     1963|
| Lyn.Harris@test.com| -4.5| Lyn.Harris@test.com|     1955|
|Lyn.Fibonnaci@tes...| 22.5|Lyn.Fibonnaci@tes...|     1962|
|  Edward.Wu@test.com| 17.0|  Edward.Wu@test.com|     1941|
+--------------------+-----+--------------------+---------+

-------------------------------------------
Batch: 46
-------------------------------------------
+--------------------+-----+--------------------+---------+
|            customer|score|               email|birthYear|
+--------------------+-----+--------------------+---------+
|Trevor.Abram@test...| -2.5|Trevor.Abram@test...|     1951|
|Frank.Doshi@test.com| 21.5|Frank.Doshi@test.com|     1943|
|Suresh.Harris@tes...| -7.0|Suresh.Harris@tes...|     1937|
|Edward.Doshi@test...|-17.5|Edward.Doshi@test...|     1940|
|Christina.Harris@...|  4.5|Christina.Harris@...|     1942|
| Gail.Doshi@test.com|  2.0| Gail.Doshi@test.com|     1945|
|Sarah.Jones@test.com| 10.5|Sarah.Jones@test.com|     1944|
| Lyn.Anandh@test.com| 11.0| Lyn.Anandh@test.com|     1946|
|David.Olson@test.com| 17.5|David.Olson@test.com|     1949|
|  Edward.Wu@test.com| 12.0|  Edward.Wu@test.com|     1941|
|Danny.Anandh@test...|-11.5|Danny.Anandh@test...|     1947|
+--------------------+-----+--------------------+---------+

-------------------------------------------
Batch: 47
-------------------------------------------
+--------------------+-----+--------------------+---------+
|            customer|score|               email|birthYear|
+--------------------+-----+--------------------+---------+
|  Ben.Smith@test.com|-17.5|  Ben.Smith@test.com|     1961|
|Trevor.Abram@test...| -3.0|Trevor.Abram@test...|     1951|
|Spencer.Phillips@...| -2.0|Spencer.Phillips@...|     1957|
|Travis.Clayton@te...| -4.0|Travis.Clayton@te...|     1953|
|Travis.Phillips@t...| -5.5|Travis.Phillips@t...|     1954|
|Chris.Clark@test.com| 29.0|Chris.Clark@test.com|     1964|
|David.Clark@test.com| -3.5|David.Clark@test.com|     1952|
|Larry.Hansen@test...| 18.5|Larry.Hansen@test...|     1963|
| Lyn.Harris@test.com| -5.5| Lyn.Harris@test.com|     1955|
|Lyn.Fibonnaci@tes...| -7.5|Lyn.Fibonnaci@tes...|     1962|
|David.Olson@test.com|  0.0|David.Olson@test.com|     1949|
+--------------------+-----+--------------------+---------+

-------------------------------------------
Batch: 48
-------------------------------------------
+--------------------+-----+--------------------+---------+
|            customer|score|               email|birthYear|
+--------------------+-----+--------------------+---------+
|  Ben.Smith@test.com| -2.0|  Ben.Smith@test.com|     1961|
|Frank.Doshi@test.com|-26.0|Frank.Doshi@test.com|     1943|
|Suresh.Harris@tes...| -3.5|Suresh.Harris@tes...|     1937|
|Edward.Doshi@test...| -9.0|Edward.Doshi@test...|     1940|
|Chris.Clark@test.com|-22.5|Chris.Clark@test.com|     1964|
|Christina.Harris@...|-12.0|Christina.Harris@...|     1942|
| Gail.Doshi@test.com|-32.0| Gail.Doshi@test.com|     1945|
|Larry.Hansen@test...| 12.5|Larry.Hansen@test...|     1963|
|Lyn.Fibonnaci@tes...| -1.5|Lyn.Fibonnaci@tes...|     1962|
|Sarah.Jones@test.com|-15.0|Sarah.Jones@test.com|     1944|
| Lyn.Anandh@test.com| -3.0| Lyn.Anandh@test.com|     1946|
|  Edward.Wu@test.com|-15.5|  Edward.Wu@test.com|     1941|
|Danny.Anandh@test...|  0.5|Danny.Anandh@test...|     1947|
+--------------------+-----+--------------------+---------+

