[38;5;6m [38;5;5m01:39:05.00 [0m
[38;5;6m [38;5;5m01:39:05.00 [0m[1mWelcome to the Bitnami spark container[0m
[38;5;6m [38;5;5m01:39:05.00 [0mSubscribe to project updates by watching [1mhttps://github.com/bitnami/bitnami-docker-spark[0m

starting org.apache.spark.deploy.master.Master, logging to /opt/bitnami/spark/logs/spark--org.apache.spark.deploy.master.Master-1-e102eca88c67.out
[38;5;6m [38;5;5m01:39:05.01 [0mSubmit issues and feature requests at [1mhttps://github.com/bitnami/bitnami-docker-spark/issues[0m
[38;5;6m [38;5;5m01:39:05.01 [0m
[38;5;6m [38;5;5m01:39:05.03 [0m[38;5;2mINFO [0m ==> ** Starting Spark setup **
realpath: /bitnami/spark/conf: No such file or directory
[38;5;6m [38;5;5m01:39:05.07 [0m[38;5;2mINFO [0m ==> Generating Spark configuration file...
[38;5;6m [38;5;5m01:39:05.07 [0m[38;5;2mINFO [0m ==> ** Spark setup finished! **
[38;5;6m [38;5;5m01:39:05.11 [0m[38;5;2mINFO [0m ==> ** Starting Spark in master mode **
Spark Command: /opt/bitnami/java/bin/java -cp /opt/bitnami/spark/conf/:/opt/bitnami/spark/jars/* -Xmx1g org.apache.spark.deploy.master.Master --host e102eca88c67 --port 7077 --webui-port 8080
========================================
Using Spark's default log4j profile: org/apache/spark/log4j-defaults.properties
23/07/05 01:39:06 INFO Master: Started daemon with process name: 40@e102eca88c67
23/07/05 01:39:06 INFO SignalUtils: Registering signal handler for TERM
23/07/05 01:39:06 INFO SignalUtils: Registering signal handler for HUP
23/07/05 01:39:06 INFO SignalUtils: Registering signal handler for INT
23/07/05 01:39:07 WARN NativeCodeLoader: Unable to load native-hadoop library for your platform... using builtin-java classes where applicable
23/07/05 01:39:08 INFO SecurityManager: Changing view acls to: spark
23/07/05 01:39:08 INFO SecurityManager: Changing modify acls to: spark
23/07/05 01:39:08 INFO SecurityManager: Changing view acls groups to: 
23/07/05 01:39:08 INFO SecurityManager: Changing modify acls groups to: 
23/07/05 01:39:08 INFO SecurityManager: SecurityManager: authentication disabled; ui acls disabled; users  with view permissions: Set(spark); groups with view permissions: Set(); users  with modify permissions: Set(spark); groups with modify permissions: Set()
23/07/05 01:39:09 INFO Utils: Successfully started service 'sparkMaster' on port 7077.
23/07/05 01:39:09 INFO Master: Starting Spark master at spark://e102eca88c67:7077
23/07/05 01:39:09 INFO Master: Running Spark version 3.2.1
23/07/05 01:39:09 INFO Utils: Successfully started service 'MasterUI' on port 8080.
23/07/05 01:39:09 INFO MasterWebUI: Bound MasterWebUI to 0.0.0.0, and started at http://e102eca88c67:8080
23/07/05 01:39:09 INFO Master: I have been elected leader! New state: ALIVE
23/07/05 01:39:10 INFO Master: Registering worker 172.21.0.4:37717 with 1 cores, 1024.0 MiB RAM
