-------------------------------------------
Batch: 0
-------------------------------------------
+--------------------+-----+
|            customer|score|
+--------------------+-----+
|Christina.Davis@t...|  5.0|
|Chris.Khatib@test...|  0.0|
|Travis.Olson@test...| -1.5|
|Jacob.Clayton@tes...| 43.0|
|Christina.Sanchez...| -4.0|
|Christina.Abram@t...| -4.5|
|Sarah.Clark@test.com| -2.5|
|Jerry.Jackson@tes...| -2.5|
|  Ben.Doshi@test.com| -2.5|
|Sean.Clayton@test...| -5.5|
|  Neeraj.Wu@test.com| -1.5|
|Edward.Staples@te...| -1.5|
|Jerry.Mitra@test.com| -4.5|
|Craig.Mitra@test.com| -3.5|
|Ashley.Mitra@test...| -4.0|
|John.Spencer@test...| 11.5|
|Jacob.Harris@test...| -4.0|
|Angie.Lincoln@tes...| 11.5|
|  Eric.Huey@test.com| 23.0|
|   Bobby.Wu@test.com| -2.5|
+--------------------+-----+
only showing top 20 rows

-------------------------------------------
Batch: 1
-------------------------------------------
+--------------------+-----+
|            customer|score|
+--------------------+-----+
|Larry.Fibonnaci@t...| 14.0|
|Christina.Davis@t...| -8.0|
|Chris.Khatib@test...|  3.5|
|Travis.Olson@test...| -8.0|
|Jacob.Clayton@tes...|-17.0|
|Christina.Sanchez...| -4.0|
|Christina.Abram@t...| -1.5|
|Sarah.Clark@test.com| -0.5|
|Jerry.Jackson@tes...| -3.5|
|  Ben.Doshi@test.com| -4.0|
|Sean.Clayton@test...| -4.0|
|  Neeraj.Wu@test.com| -2.5|
|Edward.Staples@te...|  0.0|
|Jerry.Mitra@test.com| -4.5|
|Craig.Mitra@test.com| -3.0|
+--------------------+-----+

-------------------------------------------
Batch: 2
-------------------------------------------
+--------------------+-----+
|            customer|score|
+--------------------+-----+
|Ashley.Mitra@test...| -2.5|
|John.Spencer@test...| 27.5|
|Jacob.Harris@test...|-30.0|
|Angie.Lincoln@tes...| -6.0|
+--------------------+-----+

-------------------------------------------
Batch: 3
-------------------------------------------
+--------------------+-----+
|            customer|score|
+--------------------+-----+
|  Eric.Huey@test.com| -7.0|
|   Bobby.Wu@test.com| -2.0|
|Eric.Khatib@test.com|  2.5|
|Chris.Anderson@te...|  9.0|
|Sarah.Anandh@test...|  2.5|
+--------------------+-----+

-------------------------------------------
Batch: 4
-------------------------------------------
+--------------------+-----+
|            customer|score|
+--------------------+-----+
|Sean.Harris@test.com|-19.5|
|Travis.Phillips@t...|  8.0|
|Dan.Staples@test.com| 13.0|
|Trevor.Clayton@te...|-20.5|
+--------------------+-----+

-------------------------------------------
Batch: 5
-------------------------------------------
+--------------------+-----+
|            customer|score|
+--------------------+-----+
|Larry.Fibonnaci@t...|  4.5|
|Christina.Davis@t...|-17.5|
|Chris.Khatib@test...|-16.5|
|Travis.Olson@test...|-13.5|
+--------------------+-----+

-------------------------------------------
Batch: 6
-------------------------------------------
+--------------------+-----+
|            customer|score|
+--------------------+-----+
|Jacob.Clayton@tes...|-46.0|
|Christina.Sanchez...| -4.0|
|Christina.Abram@t...| -2.0|
|Sarah.Clark@test.com| -0.5|
|Jerry.Jackson@tes...| -5.5|
+--------------------+-----+

-------------------------------------------
Batch: 7
-------------------------------------------
+--------------------+-----+
|            customer|score|
+--------------------+-----+
|  Ben.Doshi@test.com| -4.0|
|Sean.Clayton@test...| -2.0|
|  Neeraj.Wu@test.com| -2.0|
|Edward.Staples@te...|  0.0|
|Jerry.Mitra@test.com| -3.5|
+--------------------+-----+

-------------------------------------------
Batch: 8
-------------------------------------------
+--------------------+-----+
|            customer|score|
+--------------------+-----+
|Craig.Mitra@test.com| -3.0|
|Ashley.Mitra@test...| -2.5|
|John.Spencer@test...| -1.5|
|Jacob.Harris@test...|-23.0|
+--------------------+-----+

-------------------------------------------
Batch: 9
-------------------------------------------
+--------------------+-----+
|            customer|score|
+--------------------+-----+
|Angie.Lincoln@tes...| 13.0|
|  Eric.Huey@test.com|-15.0|
|   Bobby.Wu@test.com|  2.0|
|Eric.Khatib@test.com|  8.0|
|Chris.Anderson@te...|-28.0|
+--------------------+-----+

-------------------------------------------
Batch: 10
-------------------------------------------
+--------------------+-----+
|            customer|score|
+--------------------+-----+
|Sarah.Anandh@test...| -9.0|
|Sean.Harris@test.com|  4.5|
|Travis.Phillips@t...| 17.0|
|Dan.Staples@test.com| 20.0|
+--------------------+-----+

-------------------------------------------
Batch: 11
-------------------------------------------
+--------------------+-----+
|            customer|score|
+--------------------+-----+
|Trevor.Clayton@te...|  8.0|
|Larry.Fibonnaci@t...|  2.0|
|Christina.Davis@t...|-19.5|
+--------------------+-----+

-------------------------------------------
Batch: 12
-------------------------------------------
+--------------------+-----+
|            customer|score|
+--------------------+-----+
|Chris.Khatib@test...| -3.5|
|Travis.Olson@test...| -1.0|
|Jacob.Clayton@tes...|-20.0|
|Christina.Sanchez...| -4.5|
+--------------------+-----+

-------------------------------------------
Batch: 13
-------------------------------------------
+--------------------+-----+
|            customer|score|
+--------------------+-----+
|Christina.Abram@t...| -1.0|
|Sarah.Clark@test.com| -1.5|
|Jerry.Jackson@tes...| -6.0|
|  Ben.Doshi@test.com| -3.0|
|Sean.Clayton@test...| -0.5|
+--------------------+-----+

-------------------------------------------
Batch: 14
-------------------------------------------
+--------------------+-----+
|            customer|score|
+--------------------+-----+
|  Neeraj.Wu@test.com| -2.5|
|Edward.Staples@te...| -1.0|
|Jerry.Mitra@test.com| -1.5|
|Craig.Mitra@test.com| -2.5|
+--------------------+-----+

-------------------------------------------
Batch: 15
-------------------------------------------
+--------------------+-----+
|            customer|score|
+--------------------+-----+
|Ashley.Mitra@test...| -2.0|
|John.Spencer@test...|-18.0|
|Jacob.Harris@test...| 15.5|
|Angie.Lincoln@tes...| 30.0|
+--------------------+-----+

-------------------------------------------
Batch: 16
-------------------------------------------
+--------------------+-----+
|            customer|score|
+--------------------+-----+
|  Eric.Huey@test.com|  5.5|
|   Bobby.Wu@test.com| 15.5|
|Eric.Khatib@test.com|-16.0|
|Chris.Anderson@te...|-19.5|
+--------------------+-----+

-------------------------------------------
Batch: 17
-------------------------------------------
+--------------------+-----+
|            customer|score|
+--------------------+-----+
|Sarah.Anandh@test...|  1.5|
|Sean.Harris@test.com| 40.5|
|Travis.Phillips@t...|-12.5|
|Dan.Staples@test.com| 11.5|
+--------------------+-----+

-------------------------------------------
Batch: 18
-------------------------------------------
+--------------------+-----+
|            customer|score|
+--------------------+-----+
|Trevor.Clayton@te...| 14.0|
|Larry.Fibonnaci@t...| 22.5|
|Christina.Davis@t...|  8.0|
|Chris.Khatib@test...| -1.5|
+--------------------+-----+

-------------------------------------------
Batch: 19
-------------------------------------------
+--------------------+-----+
|            customer|score|
+--------------------+-----+
|Travis.Olson@test...| -0.5|
|Jacob.Clayton@tes...| 13.5|
|Christina.Sanchez...| -5.5|
+--------------------+-----+

-------------------------------------------
Batch: 20
-------------------------------------------
+--------------------+-----+
|            customer|score|
+--------------------+-----+
|Christina.Abram@t...| -1.5|
|Sarah.Clark@test.com| -2.5|
|Jerry.Jackson@tes...| -5.0|
|  Ben.Doshi@test.com| -1.5|
|Sean.Clayton@test...| -0.5|
+--------------------+-----+

-------------------------------------------
Batch: 21
-------------------------------------------
+--------------------+-----+
|            customer|score|
+--------------------+-----+
|  Neeraj.Wu@test.com| -3.0|
|Edward.Staples@te...| -2.5|
|Jerry.Mitra@test.com| -2.5|
|Craig.Mitra@test.com| -4.5|
+--------------------+-----+

-------------------------------------------
Batch: 22
-------------------------------------------
+--------------------+-----+
|            customer|score|
+--------------------+-----+
|Ashley.Mitra@test...| -2.5|
|John.Spencer@test...|  5.5|
|Jacob.Harris@test...| 39.0|
+--------------------+-----+

-------------------------------------------
Batch: 23
-------------------------------------------
+--------------------+-----+
|            customer|score|
+--------------------+-----+
|Angie.Lincoln@tes...| 11.0|
|  Eric.Huey@test.com| 27.0|
+--------------------+-----+

-------------------------------------------
Batch: 24
-------------------------------------------
+--------------------+-----+
|            customer|score|
+--------------------+-----+
|   Bobby.Wu@test.com|  3.0|
|Eric.Khatib@test.com|-15.0|
|Chris.Anderson@te...| 21.5|
+--------------------+-----+

-------------------------------------------
Batch: 25
-------------------------------------------
+--------------------+-----+
|            customer|score|
+--------------------+-----+
|Sarah.Anandh@test...| 31.5|
|Sean.Harris@test.com|  5.5|
|Travis.Phillips@t...|-22.5|
|Dan.Staples@test.com|-17.5|
+--------------------+-----+

-------------------------------------------
Batch: 26
-------------------------------------------
+--------------------+-----+
|            customer|score|
+--------------------+-----+
|Trevor.Clayton@te...| 22.0|
|Larry.Fibonnaci@t...|-15.5|
|Christina.Davis@t...| 34.0|
|Chris.Khatib@test...|-24.5|
|Travis.Olson@test...| 11.5|
+--------------------+-----+

-------------------------------------------
Batch: 27
-------------------------------------------
+--------------------+-----+
|            customer|score|
+--------------------+-----+
|Jacob.Clayton@tes...| 13.0|
|Christina.Sanchez...| -6.0|
|Christina.Abram@t...| -4.5|
|Sarah.Clark@test.com| -4.0|
+--------------------+-----+

-------------------------------------------
Batch: 28
-------------------------------------------
+--------------------+-----+
|            customer|score|
+--------------------+-----+
|Jerry.Jackson@tes...| -3.5|
|  Ben.Doshi@test.com| -2.0|
|Sean.Clayton@test...| -1.5|
|  Neeraj.Wu@test.com| -4.0|
|Edward.Staples@te...| -3.5|
+--------------------+-----+

-------------------------------------------
Batch: 29
-------------------------------------------
+--------------------+-----+
|            customer|score|
+--------------------+-----+
|Jerry.Mitra@test.com| -5.0|
|Craig.Mitra@test.com| -6.0|
|Ashley.Mitra@test...| -3.0|
|John.Spencer@test...| 13.5|
|Jacob.Harris@test...| 12.0|
+--------------------+-----+

-------------------------------------------
Batch: 30
-------------------------------------------
+--------------------+-----+
|            customer|score|
+--------------------+-----+
|Angie.Lincoln@tes...|-13.0|
|  Eric.Huey@test.com|  7.0|
|   Bobby.Wu@test.com|-16.5|
|Eric.Khatib@test.com| 21.5|
+--------------------+-----+

-------------------------------------------
Batch: 31
-------------------------------------------
+--------------------+-----+
|            customer|score|
+--------------------+-----+
|Chris.Anderson@te...| 21.0|
|Sarah.Anandh@test...| 25.0|
|Sean.Harris@test.com|-39.5|
|Travis.Phillips@t...| -5.5|
|Dan.Staples@test.com|-34.0|
+--------------------+-----+

-------------------------------------------
Batch: 32
-------------------------------------------
+--------------------+-----+
|            customer|score|
+--------------------+-----+
|Trevor.Clayton@te...|  0.5|
|Larry.Fibonnaci@t...|-23.5|
|Christina.Davis@t...| 24.0|
|Chris.Khatib@test...|-19.5|
|Travis.Olson@test...| 10.0|
+--------------------+-----+

-------------------------------------------
Batch: 33
-------------------------------------------
+--------------------+-----+
|            customer|score|
+--------------------+-----+
|Jacob.Clayton@tes...|  2.0|
|Christina.Sanchez...| -5.0|
|Christina.Abram@t...| -4.5|
|Sarah.Clark@test.com| -5.5|
|Jerry.Jackson@tes...| -2.5|
+--------------------+-----+

-------------------------------------------
Batch: 34
-------------------------------------------
+--------------------+-----+
|            customer|score|
+--------------------+-----+
|  Ben.Doshi@test.com| -3.0|
|Sean.Clayton@test...| -2.5|
|  Neeraj.Wu@test.com| -5.5|
|Edward.Staples@te...| -3.5|
+--------------------+-----+

-------------------------------------------
Batch: 35
-------------------------------------------
+--------------------+-----+
|            customer|score|
+--------------------+-----+
|Jerry.Mitra@test.com| -6.0|
|Craig.Mitra@test.com| -4.5|
|Ashley.Mitra@test...| -2.5|
|John.Spencer@test...| -1.0|
+--------------------+-----+

-------------------------------------------
Batch: 36
-------------------------------------------
+--------------------+-----+
|            customer|score|
+--------------------+-----+
|Jacob.Harris@test...|-30.5|
|Angie.Lincoln@tes...|  3.5|
|  Eric.Huey@test.com|-14.0|
|   Bobby.Wu@test.com| -3.0|
|Eric.Khatib@test.com| 10.0|
+--------------------+-----+

-------------------------------------------
Batch: 37
-------------------------------------------
+--------------------+-----+
|            customer|score|
+--------------------+-----+
|Chris.Anderson@te...| -8.0|
|Sarah.Anandh@test...| -6.5|
|Sean.Harris@test.com|-23.0|
|Travis.Phillips@t...| -1.5|
+--------------------+-----+

-------------------------------------------
Batch: 38
-------------------------------------------
+--------------------+-----+
|            customer|score|
+--------------------+-----+
|Dan.Staples@test.com| 10.0|
|Trevor.Clayton@te...|-16.0|
|Larry.Fibonnaci@t...|  9.0|
|Christina.Davis@t...| -8.0|
|Chris.Khatib@test...|  1.5|
+--------------------+-----+

-------------------------------------------
Batch: 39
-------------------------------------------
+--------------------+-----+
|            customer|score|
+--------------------+-----+
|Travis.Olson@test...|  5.0|
|Jacob.Clayton@tes...| 14.5|
|Christina.Sanchez...| -3.0|
|Christina.Abram@t...| -2.5|
|Sarah.Clark@test.com| -6.0|
+--------------------+-----+

-------------------------------------------
Batch: 40
-------------------------------------------
+--------------------+-----+
|            customer|score|
+--------------------+-----+
|Jerry.Jackson@tes...| -2.0|
|  Ben.Doshi@test.com| -3.5|
|Sean.Clayton@test...| -2.5|
|  Neeraj.Wu@test.com| -5.5|
+--------------------+-----+

-------------------------------------------
Batch: 41
-------------------------------------------
+--------------------+-----+
|            customer|score|
+--------------------+-----+
|Edward.Staples@te...| -3.0|
|Jerry.Mitra@test.com| -4.5|
|Craig.Mitra@test.com| -1.5|
|Ashley.Mitra@test...| -2.5|
+--------------------+-----+

-------------------------------------------
Batch: 42
-------------------------------------------
+--------------------+-----+
|            customer|score|
+--------------------+-----+
|John.Spencer@test...| -7.0|
|Jacob.Harris@test...|-19.5|
|Angie.Lincoln@tes...| -1.5|
|  Eric.Huey@test.com|  3.0|
|   Bobby.Wu@test.com|  6.0|
+--------------------+-----+

-------------------------------------------
Batch: 43
-------------------------------------------
+--------------------+-----+
|            customer|score|
+--------------------+-----+
|Eric.Khatib@test.com|-27.5|
|Chris.Anderson@te...| -0.5|
|Sarah.Anandh@test...| -5.5|
|Sean.Harris@test.com|  0.0|
+--------------------+-----+

-------------------------------------------
Batch: 44
-------------------------------------------
+--------------------+-----+
|            customer|score|
+--------------------+-----+
|Travis.Phillips@t...|-14.5|
|Dan.Staples@test.com| 21.5|
|Trevor.Clayton@te...|-19.5|
+--------------------+-----+

-------------------------------------------
Batch: 45
-------------------------------------------
+--------------------+-----+
|            customer|score|
+--------------------+-----+
|Larry.Fibonnaci@t...| -8.5|
+--------------------+-----+

-------------------------------------------
Batch: 46
-------------------------------------------
+--------------------+-----+
|            customer|score|
+--------------------+-----+
|Christina.Davis@t...|-18.5|
|Chris.Khatib@test...| 18.5|
|Travis.Olson@test...| 12.5|
+--------------------+-----+

-------------------------------------------
Batch: 47
-------------------------------------------
+--------------------+-----+
|            customer|score|
+--------------------+-----+
|Jacob.Clayton@tes...| 19.0|
|Christina.Sanchez...| -2.0|
|Christina.Abram@t...| -2.0|
|Sarah.Clark@test.com| -5.5|
+--------------------+-----+

