Spark Command: /usr/lib/jvm/java-8-openjdk-amd64/jre/bin/java -cp /opt/spark-2.3.4-bin-hadoop2.7/conf/:/opt/spark-2.3.4-bin-hadoop2.7/jars/* -Xmx1g org.apache.spark.deploy.master.Master --host e25b67f5dd80a71cbcd38772e4e0c4ebf87c5cfc-7b755879c7-gd7qx --port 7077 --webui-port 8080
========================================
2023-07-06 02:46:03 INFO  Master:2612 - Started daemon with process name: 42@e25b67f5dd80a71cbcd38772e4e0c4ebf87c5cfc-7b755879c7-gd7qx
2023-07-06 02:46:03 INFO  SignalUtils:54 - Registered signal handler for TERM
2023-07-06 02:46:03 INFO  SignalUtils:54 - Registered signal handler for HUP
2023-07-06 02:46:03 INFO  SignalUtils:54 - Registered signal handler for INT
2023-07-06 02:46:03 WARN  NativeCodeLoader:62 - Unable to load native-hadoop library for your platform... using builtin-java classes where applicable
2023-07-06 02:46:04 INFO  SecurityManager:54 - Changing view acls to: root
2023-07-06 02:46:04 INFO  SecurityManager:54 - Changing modify acls to: root
2023-07-06 02:46:04 INFO  SecurityManager:54 - Changing view acls groups to: 
2023-07-06 02:46:04 INFO  SecurityManager:54 - Changing modify acls groups to: 
2023-07-06 02:46:04 INFO  SecurityManager:54 - SecurityManager: authentication disabled; ui acls disabled; users  with view permissions: Set(root); groups with view permissions: Set(); users  with modify permissions: Set(root); groups with modify permissions: Set()
2023-07-06 02:46:04 INFO  Utils:54 - Successfully started service 'sparkMaster' on port 7077.
2023-07-06 02:46:04 INFO  Master:54 - Starting Spark master at spark://e25b67f5dd80a71cbcd38772e4e0c4ebf87c5cfc-7b755879c7-gd7qx:7077
2023-07-06 02:46:04 INFO  Master:54 - Running Spark version 2.3.4
2023-07-06 02:46:04 INFO  log:192 - Logging initialized @2225ms
2023-07-06 02:46:04 INFO  Server:351 - jetty-9.3.z-SNAPSHOT, build timestamp: unknown, git hash: unknown
2023-07-06 02:46:04 INFO  Server:419 - Started @2312ms
2023-07-06 02:46:05 INFO  AbstractConnector:278 - Started ServerConnector@6dfedb30{HTTP/1.1,[http/1.1]}{0.0.0.0:8080}
2023-07-06 02:46:05 INFO  Utils:54 - Successfully started service 'MasterUI' on port 8080.
2023-07-06 02:46:05 INFO  ContextHandler:781 - Started o.s.j.s.ServletContextHandler@29e6fdff{/app,null,AVAILABLE,@Spark}
2023-07-06 02:46:05 INFO  ContextHandler:781 - Started o.s.j.s.ServletContextHandler@23bbf063{/app/json,null,AVAILABLE,@Spark}
2023-07-06 02:46:05 INFO  ContextHandler:781 - Started o.s.j.s.ServletContextHandler@56c9047b{/,null,AVAILABLE,@Spark}
2023-07-06 02:46:05 INFO  ContextHandler:781 - Started o.s.j.s.ServletContextHandler@5e686e1e{/json,null,AVAILABLE,@Spark}
2023-07-06 02:46:05 INFO  ContextHandler:781 - Started o.s.j.s.ServletContextHandler@22aca558{/static,null,AVAILABLE,@Spark}
2023-07-06 02:46:05 INFO  ContextHandler:781 - Started o.s.j.s.ServletContextHandler@2b482bce{/app/kill,null,AVAILABLE,@Spark}
2023-07-06 02:46:05 INFO  ContextHandler:781 - Started o.s.j.s.ServletContextHandler@6c139af1{/driver/kill,null,AVAILABLE,@Spark}
2023-07-06 02:46:05 INFO  MasterWebUI:54 - Bound MasterWebUI to 0.0.0.0, and started at http://e25b67f5dd80a71cbcd38772e4e0c4ebf87c5cfc-7b755879c7-gd7qx:8080
2023-07-06 02:46:05 INFO  Server:351 - jetty-9.3.z-SNAPSHOT, build timestamp: unknown, git hash: unknown
2023-07-06 02:46:05 INFO  ContextHandler:781 - Started o.s.j.s.ServletContextHandler@562e07dd{/,null,AVAILABLE}
2023-07-06 02:46:05 INFO  AbstractConnector:278 - Started ServerConnector@1298746b{HTTP/1.1,[http/1.1]}{e25b67f5dd80a71cbcd38772e4e0c4ebf87c5cfc-7b755879c7-gd7qx:6066}
2023-07-06 02:46:05 INFO  Server:419 - Started @2691ms
2023-07-06 02:46:05 INFO  Utils:54 - Successfully started service on port 6066.
2023-07-06 02:46:05 INFO  StandaloneRestServer:54 - Started REST server for submitting applications on port 6066
2023-07-06 02:46:05 INFO  ContextHandler:781 - Started o.s.j.s.ServletContextHandler@2a228b63{/metrics/master/json,null,AVAILABLE,@Spark}
2023-07-06 02:46:05 INFO  ContextHandler:781 - Started o.s.j.s.ServletContextHandler@21d95a3{/metrics/applications/json,null,AVAILABLE,@Spark}
2023-07-06 02:46:05 INFO  Master:54 - I have been elected leader! New state: ALIVE
2023-07-06 02:47:36 INFO  Master:54 - Registering worker 10.56.3.139:55165 with 16 cores, 13.0 GB RAM
