Spark Command: /usr/lib/jvm/java-8-openjdk-amd64/jre/bin/java -cp /opt/spark-2.3.4-bin-hadoop2.7/conf/:/opt/spark-2.3.4-bin-hadoop2.7/jars/* -Xmx1g org.apache.spark.deploy.worker.Worker --webui-port 8081 spark://e25b67f5dd80a71cbcd38772e4e0c4ebf87c5cfc-7b755879c7-gd7qx:7077
========================================
2023-07-06 02:47:34 INFO  Worker:2612 - Started daemon with process name: 163@e25b67f5dd80a71cbcd38772e4e0c4ebf87c5cfc-7b755879c7-gd7qx
2023-07-06 02:47:34 INFO  SignalUtils:54 - Registered signal handler for TERM
2023-07-06 02:47:34 INFO  SignalUtils:54 - Registered signal handler for HUP
2023-07-06 02:47:34 INFO  SignalUtils:54 - Registered signal handler for INT
2023-07-06 02:47:34 WARN  NativeCodeLoader:62 - Unable to load native-hadoop library for your platform... using builtin-java classes where applicable
2023-07-06 02:47:34 INFO  SecurityManager:54 - Changing view acls to: root
2023-07-06 02:47:34 INFO  SecurityManager:54 - Changing modify acls to: root
2023-07-06 02:47:34 INFO  SecurityManager:54 - Changing view acls groups to: 
2023-07-06 02:47:34 INFO  SecurityManager:54 - Changing modify acls groups to: 
2023-07-06 02:47:34 INFO  SecurityManager:54 - SecurityManager: authentication disabled; ui acls disabled; users  with view permissions: Set(root); groups with view permissions: Set(); users  with modify permissions: Set(root); groups with modify permissions: Set()
2023-07-06 02:47:35 INFO  Utils:54 - Successfully started service 'sparkWorker' on port 55165.
2023-07-06 02:47:35 INFO  Worker:54 - Starting Spark worker 10.56.3.139:55165 with 16 cores, 13.0 GB RAM
2023-07-06 02:47:35 INFO  Worker:54 - Running Spark version 2.3.4
2023-07-06 02:47:35 INFO  Worker:54 - Spark home: /opt/spark-2.3.4-bin-hadoop2.7
2023-07-06 02:47:35 INFO  log:192 - Logging initialized @2269ms
2023-07-06 02:47:35 INFO  Server:351 - jetty-9.3.z-SNAPSHOT, build timestamp: unknown, git hash: unknown
2023-07-06 02:47:35 INFO  Server:419 - Started @2339ms
2023-07-06 02:47:35 INFO  AbstractConnector:278 - Started ServerConnector@6200af68{HTTP/1.1,[http/1.1]}{0.0.0.0:8081}
2023-07-06 02:47:35 INFO  Utils:54 - Successfully started service 'WorkerUI' on port 8081.
2023-07-06 02:47:35 INFO  ContextHandler:781 - Started o.s.j.s.ServletContextHandler@d1df4f9{/logPage,null,AVAILABLE,@Spark}
2023-07-06 02:47:35 INFO  ContextHandler:781 - Started o.s.j.s.ServletContextHandler@785a09bf{/logPage/json,null,AVAILABLE,@Spark}
2023-07-06 02:47:35 INFO  ContextHandler:781 - Started o.s.j.s.ServletContextHandler@2fea8077{/,null,AVAILABLE,@Spark}
2023-07-06 02:47:35 INFO  ContextHandler:781 - Started o.s.j.s.ServletContextHandler@37d4b830{/json,null,AVAILABLE,@Spark}
2023-07-06 02:47:35 INFO  ContextHandler:781 - Started o.s.j.s.ServletContextHandler@1feb5884{/static,null,AVAILABLE,@Spark}
2023-07-06 02:47:35 INFO  ContextHandler:781 - Started o.s.j.s.ServletContextHandler@60bcaca5{/log,null,AVAILABLE,@Spark}
2023-07-06 02:47:35 INFO  WorkerWebUI:54 - Bound WorkerWebUI to 0.0.0.0, and started at http://e25b67f5dd80a71cbcd38772e4e0c4ebf87c5cfc-7b755879c7-gd7qx:8081
2023-07-06 02:47:35 INFO  Worker:54 - Connecting to master e25b67f5dd80a71cbcd38772e4e0c4ebf87c5cfc-7b755879c7-gd7qx:7077...
2023-07-06 02:47:35 INFO  ContextHandler:781 - Started o.s.j.s.ServletContextHandler@66e770f0{/metrics/json,null,AVAILABLE,@Spark}
2023-07-06 02:47:35 INFO  TransportClientFactory:267 - Successfully created connection to e25b67f5dd80a71cbcd38772e4e0c4ebf87c5cfc-7b755879c7-gd7qx/10.56.3.139:7077 after 101 ms (0 ms spent in bootstraps)
2023-07-06 02:47:36 INFO  Worker:54 - Successfully registered with master spark://e25b67f5dd80a71cbcd38772e4e0c4ebf87c5cfc-7b755879c7-gd7qx:7077
